{
  "/home/chann-yeng/my-web-project/Electronic Shop Folder/electronic-shop-api/src/app.ts": {
    "path": "/home/chann-yeng/my-web-project/Electronic Shop Folder/electronic-shop-api/src/app.ts",
    "statementMap": {
      "0": {
        "start": { "line": 1, "column": 0 },
        "end": { "line": 1, "column": 27 }
      },
      "1": {
        "start": { "line": 2, "column": 0 },
        "end": { "line": 2, "column": 76 }
      },
      "2": {
        "start": { "line": 3, "column": 0 },
        "end": { "line": 3, "column": 24 }
      },
      "3": {
        "start": { "line": 4, "column": 0 },
        "end": { "line": 4, "column": 28 }
      },
      "4": {
        "start": { "line": 5, "column": 0 },
        "end": { "line": 5, "column": 28 }
      },
      "5": {
        "start": { "line": 6, "column": 0 },
        "end": { "line": 6, "column": 38 }
      },
      "6": {
        "start": { "line": 7, "column": 0 },
        "end": { "line": 7, "column": 43 }
      },
      "7": {
        "start": { "line": 8, "column": 0 },
        "end": { "line": 8, "column": 61 }
      },
      "8": {
        "start": { "line": 9, "column": 0 },
        "end": { "line": 9, "column": 40 }
      },
      "9": {
        "start": { "line": 10, "column": 0 },
        "end": { "line": 10, "column": 30 }
      },
      "10": {
        "start": { "line": 11, "column": 0 },
        "end": { "line": 11, "column": 58 }
      },
      "11": {
        "start": { "line": 12, "column": 0 },
        "end": { "line": 12, "column": 24 }
      },
      "12": {
        "start": { "line": 13, "column": 0 },
        "end": { "line": 13, "column": 43 }
      },
      "13": {
        "start": { "line": 14, "column": 0 },
        "end": { "line": 14, "column": 47 }
      },
      "14": {
        "start": { "line": 15, "column": 0 },
        "end": { "line": 15, "column": 49 }
      },
      "15": {
        "start": { "line": 17, "column": 21 },
        "end": { "line": 17, "column": 30 }
      },
      "16": {
        "start": { "line": 20, "column": 0 },
        "end": { "line": 20, "column": 18 }
      },
      "17": {
        "start": { "line": 23, "column": 0 },
        "end": { "line": 23, "column": 24 }
      },
      "18": {
        "start": { "line": 26, "column": 0 },
        "end": { "line": 26, "column": 48 }
      },
      "19": {
        "start": { "line": 29, "column": 0 },
        "end": { "line": 34, "column": 2 }
      },
      "20": {
        "start": { "line": 36, "column": 0 },
        "end": { "line": 36, "column": 28 }
      },
      "21": {
        "start": { "line": 38, "column": 0 },
        "end": { "line": 38, "column": 48 }
      },
      "22": {
        "start": { "line": 41, "column": 0 },
        "end": { "line": 41, "column": 23 }
      },
      "23": {
        "start": { "line": 44, "column": 16 },
        "end": { "line": 44, "column": 47 }
      },
      "24": {
        "start": { "line": 45, "column": 0 },
        "end": { "line": 45, "column": 17 }
      },
      "25": {
        "start": { "line": 48, "column": 0 },
        "end": { "line": 48, "column": 79 }
      },
      "26": {
        "start": { "line": 51, "column": 0 },
        "end": { "line": 51, "column": 27 }
      },
      "27": {
        "start": { "line": 54, "column": 0 },
        "end": { "line": 54, "column": 64 }
      },
      "28": {
        "start": { "line": 57, "column": 0 },
        "end": { "line": 63, "column": 3 }
      },
      "29": {
        "start": { "line": 58, "column": 2 },
        "end": { "line": 62, "column": 5 }
      },
      "30": {
        "start": { "line": 66, "column": 0 },
        "end": { "line": 68, "column": 3 }
      },
      "31": {
        "start": { "line": 67, "column": 2 },
        "end": { "line": 67, "column": 39 }
      },
      "32": {
        "start": { "line": 71, "column": 0 },
        "end": { "line": 71, "column": 24 }
      },
      "33": {
        "start": { "line": 74, "column": 0 },
        "end": { "line": 74, "column": 22 }
      },
      "34": {
        "start": { "line": 76, "column": 0 },
        "end": { "line": 76, "column": 19 }
      }
    },
    "fnMap": {
      "0": {
        "name": "(anonymous_1)",
        "decl": {
          "start": { "line": 57, "column": 22 },
          "end": { "line": 57, "column": 23 }
        },
        "loc": {
          "start": { "line": 57, "column": 35 },
          "end": { "line": 63, "column": 1 }
        }
      },
      "1": {
        "name": "(anonymous_2)",
        "decl": {
          "start": { "line": 66, "column": 8 },
          "end": { "line": 66, "column": 9 }
        },
        "loc": {
          "start": { "line": 66, "column": 60 },
          "end": { "line": 68, "column": 1 }
        }
      }
    },
    "branchMap": {
      "0": {
        "loc": {
          "start": { "line": 31, "column": 12 },
          "end": { "line": 31, "column": 58 }
        },
        "type": "binary-expr",
        "locations": [
          {
            "start": { "line": 31, "column": 12 },
            "end": { "line": 31, "column": 51 }
          },
          {
            "start": { "line": 31, "column": 55 },
            "end": { "line": 31, "column": 58 }
          }
        ]
      }
    },
    "s": {
      "0": 1,
      "1": 1,
      "2": 1,
      "3": 1,
      "4": 1,
      "5": 1,
      "6": 1,
      "7": 1,
      "8": 1,
      "9": 1,
      "10": 1,
      "11": 1,
      "12": 1,
      "13": 1,
      "14": 1,
      "15": 1,
      "16": 1,
      "17": 1,
      "18": 1,
      "19": 1,
      "20": 1,
      "21": 1,
      "22": 1,
      "23": 1,
      "24": 1,
      "25": 1,
      "26": 1,
      "27": 1,
      "28": 1,
      "29": 1,
      "30": 1,
      "31": 0,
      "32": 1,
      "33": 1,
      "34": 1
    },
    "f": { "0": 1, "1": 0 },
    "b": { "0": [1, 0] }
  },
  "/home/chann-yeng/my-web-project/Electronic Shop Folder/electronic-shop-api/src/config/env.ts": {
    "path": "/home/chann-yeng/my-web-project/Electronic Shop Folder/electronic-shop-api/src/config/env.ts",
    "statementMap": {
      "0": {
        "start": { "line": 2, "column": 0 },
        "end": { "line": 2, "column": 28 }
      },
      "1": {
        "start": { "line": 3, "column": 0 },
        "end": { "line": 3, "column": 24 }
      },
      "2": {
        "start": { "line": 6, "column": 0 },
        "end": { "line": 8, "column": 3 }
      },
      "3": {
        "start": { "line": 11, "column": 24 },
        "end": { "line": 18, "column": 1 }
      },
      "4": {
        "start": { "line": 12, "column": 26 },
        "end": { "line": 12, "column": 70 }
      },
      "5": {
        "start": { "line": 13, "column": 2 },
        "end": { "line": 17, "column": 5 }
      },
      "6": {
        "start": { "line": 14, "column": 4 },
        "end": { "line": 16, "column": 5 }
      },
      "7": {
        "start": { "line": 15, "column": 6 },
        "end": { "line": 15, "column": 68 }
      },
      "8": {
        "start": { "line": 21, "column": 18 },
        "end": { "line": 31, "column": 1 }
      },
      "9": {
        "start": { "line": 22, "column": 2 },
        "end": { "line": 22, "column": 20 }
      },
      "10": {
        "start": { "line": 24, "column": 2 },
        "end": { "line": 30, "column": 4 }
      },
      "11": {
        "start": { "line": 33, "column": 15 },
        "end": { "line": 33, "column": 26 }
      },
      "12": {
        "start": { "line": 34, "column": 0 },
        "end": { "line": 34, "column": 22 }
      }
    },
    "fnMap": {
      "0": {
        "name": "(anonymous_1)",
        "decl": {
          "start": { "line": 11, "column": 24 },
          "end": { "line": 11, "column": 33 }
        },
        "loc": {
          "start": { "line": 11, "column": 35 },
          "end": { "line": 18, "column": 1 }
        }
      },
      "1": {
        "name": "(anonymous_2)",
        "decl": {
          "start": { "line": 13, "column": 26 },
          "end": { "line": 13, "column": 27 }
        },
        "loc": {
          "start": { "line": 13, "column": 38 },
          "end": { "line": 17, "column": 3 }
        }
      },
      "2": {
        "name": "(anonymous_3)",
        "decl": {
          "start": { "line": 21, "column": 18 },
          "end": { "line": 21, "column": 32 }
        },
        "loc": {
          "start": { "line": 21, "column": 34 },
          "end": { "line": 31, "column": 1 }
        }
      }
    },
    "branchMap": {
      "0": {
        "loc": {
          "start": { "line": 14, "column": 4 },
          "end": { "line": 16, "column": 5 }
        },
        "type": "if",
        "locations": [
          {
            "start": { "line": 14, "column": 4 },
            "end": { "line": 16, "column": 5 }
          }
        ]
      },
      "1": {
        "loc": {
          "start": { "line": 25, "column": 19 },
          "end": { "line": 25, "column": 45 }
        },
        "type": "binary-expr",
        "locations": [
          {
            "start": { "line": 25, "column": 19 },
            "end": { "line": 25, "column": 35 }
          },
          {
            "start": { "line": 25, "column": 39 },
            "end": { "line": 25, "column": 45 }
          }
        ]
      },
      "2": {
        "loc": {
          "start": { "line": 28, "column": 13 },
          "end": { "line": 28, "column": 50 }
        },
        "type": "binary-expr",
        "locations": [
          {
            "start": { "line": 28, "column": 13 },
            "end": { "line": 28, "column": 33 }
          },
          {
            "start": { "line": 28, "column": 37 },
            "end": { "line": 28, "column": 50 }
          }
        ]
      }
    },
    "s": {
      "0": 1,
      "1": 1,
      "2": 1,
      "3": 1,
      "4": 1,
      "5": 1,
      "6": 3,
      "7": 0,
      "8": 1,
      "9": 1,
      "10": 1,
      "11": 1,
      "12": 1
    },
    "f": { "0": 1, "1": 3, "2": 1 },
    "b": { "0": [0], "1": [1, 0], "2": [1, 0] }
  },
  "/home/chann-yeng/my-web-project/Electronic Shop Folder/electronic-shop-api/src/config/fileStorage.ts": {
    "path": "/home/chann-yeng/my-web-project/Electronic Shop Folder/electronic-shop-api/src/config/fileStorage.ts",
    "statementMap": {
      "0": {
        "start": { "line": 1, "column": 0 },
        "end": { "line": 1, "column": 24 }
      },
      "1": {
        "start": { "line": 5, "column": 29 },
        "end": { "line": 7, "column": 1 }
      },
      "2": {
        "start": { "line": 6, "column": 2 },
        "end": { "line": 6, "column": 64 }
      },
      "3": {
        "start": { "line": 5, "column": 13 },
        "end": { "line": 5, "column": 29 }
      }
    },
    "fnMap": {
      "0": {
        "name": "(anonymous_1)",
        "decl": {
          "start": { "line": 5, "column": 29 },
          "end": { "line": 5, "column": 30 }
        },
        "loc": {
          "start": { "line": 5, "column": 55 },
          "end": { "line": 7, "column": 1 }
        }
      }
    },
    "branchMap": {},
    "s": { "0": 1, "1": 1, "2": 0, "3": 1 },
    "f": { "0": 0 },
    "b": {}
  },
  "/home/chann-yeng/my-web-project/Electronic Shop Folder/electronic-shop-api/src/config/ratingLimit.ts": {
    "path": "/home/chann-yeng/my-web-project/Electronic Shop Folder/electronic-shop-api/src/config/ratingLimit.ts",
    "statementMap": {
      "0": {
        "start": { "line": 1, "column": 0 },
        "end": { "line": 1, "column": 28 }
      },
      "1": {
        "start": { "line": 2, "column": 0 },
        "end": { "line": 2, "column": 16 }
      },
      "2": {
        "start": { "line": 6, "column": 34 },
        "end": { "line": 22, "column": 1 }
      },
      "3": {
        "start": { "line": 7, "column": 14 },
        "end": { "line": 9, "column": 9 }
      },
      "4": {
        "start": { "line": 11, "column": 2 },
        "end": { "line": 13, "column": 3 }
      },
      "5": {
        "start": { "line": 12, "column": 4 },
        "end": { "line": 12, "column": 60 }
      },
      "6": {
        "start": { "line": 15, "column": 2 },
        "end": { "line": 21, "column": 4 }
      },
      "7": {
        "start": { "line": 6, "column": 13 },
        "end": { "line": 6, "column": 34 }
      }
    },
    "fnMap": {
      "0": {
        "name": "(anonymous_1)",
        "decl": {
          "start": { "line": 6, "column": 34 },
          "end": { "line": 6, "column": 54 }
        },
        "loc": {
          "start": { "line": 6, "column": 56 },
          "end": { "line": 22, "column": 1 }
        }
      }
    },
    "branchMap": {
      "0": {
        "loc": {
          "start": { "line": 7, "column": 14 },
          "end": { "line": 9, "column": 9 }
        },
        "type": "cond-expr",
        "locations": [
          {
            "start": { "line": 8, "column": 6 },
            "end": { "line": 8, "column": 54 }
          },
          {
            "start": { "line": 9, "column": 6 },
            "end": { "line": 9, "column": 9 }
          }
        ]
      },
      "1": {
        "loc": {
          "start": { "line": 11, "column": 2 },
          "end": { "line": 13, "column": 3 }
        },
        "type": "if",
        "locations": [
          {
            "start": { "line": 11, "column": 2 },
            "end": { "line": 13, "column": 3 }
          }
        ]
      }
    },
    "s": { "0": 1, "1": 1, "2": 1, "3": 1, "4": 1, "5": 0, "6": 1, "7": 1 },
    "f": { "0": 1 },
    "b": { "0": [1, 0], "1": [0] }
  },
  "/home/chann-yeng/my-web-project/Electronic Shop Folder/electronic-shop-api/src/config/swagger.ts": {
    "path": "/home/chann-yeng/my-web-project/Electronic Shop Folder/electronic-shop-api/src/config/swagger.ts",
    "statementMap": {
      "0": {
        "start": { "line": 1, "column": 0 },
        "end": { "line": 1, "column": 41 }
      },
      "1": {
        "start": { "line": 3, "column": 13 },
        "end": { "line": 18, "column": 3 }
      }
    },
    "fnMap": {},
    "branchMap": {},
    "s": { "0": 1, "1": 1 },
    "f": {},
    "b": {}
  },
  "/home/chann-yeng/my-web-project/Electronic Shop Folder/electronic-shop-api/src/controllers/auth.controller.ts": {
    "path": "/home/chann-yeng/my-web-project/Electronic Shop Folder/electronic-shop-api/src/controllers/auth.controller.ts",
    "statementMap": {
      "0": {
        "start": { "line": 1, "column": 0 },
        "end": { "line": 1, "column": 32 }
      },
      "1": {
        "start": { "line": 2, "column": 0 },
        "end": { "line": 2, "column": 41 }
      },
      "2": {
        "start": { "line": 4, "column": 0 },
        "end": { "line": 4, "column": 61 }
      },
      "3": {
        "start": { "line": 5, "column": 0 },
        "end": { "line": 5, "column": 30 }
      },
      "4": {
        "start": { "line": 6, "column": 0 },
        "end": { "line": 6, "column": 58 }
      },
      "5": {
        "start": { "line": 7, "column": 0 },
        "end": { "line": 7, "column": 73 }
      },
      "6": {
        "start": { "line": 8, "column": 0 },
        "end": { "line": 8, "column": 34 }
      },
      "7": {
        "start": { "line": 9, "column": 0 },
        "end": { "line": 9, "column": 31 }
      },
      "8": {
        "start": { "line": 11, "column": 22 },
        "end": { "line": 11, "column": 60 }
      },
      "9": {
        "start": { "line": 12, "column": 18 },
        "end": { "line": 12, "column": 33 }
      },
      "10": {
        "start": { "line": 13, "column": 20 },
        "end": { "line": 13, "column": 43 }
      },
      "11": {
        "start": { "line": 15, "column": 2 },
        "end": { "line": 15, "column": 47 }
      },
      "12": {
        "start": { "line": 18, "column": 24 },
        "end": { "line": 134, "column": 1 }
      },
      "13": {
        "start": { "line": 19, "column": 2 },
        "end": { "line": 133, "column": 3 }
      },
      "14": {
        "start": { "line": 20, "column": 49 },
        "end": { "line": 20, "column": 57 }
      },
      "15": {
        "start": { "line": 22, "column": 29 },
        "end": { "line": 22, "column": 31 }
      },
      "16": {
        "start": { "line": 25, "column": 4 },
        "end": { "line": 27, "column": 5 }
      },
      "17": {
        "start": { "line": 26, "column": 6 },
        "end": { "line": 26, "column": 46 }
      },
      "18": {
        "start": { "line": 29, "column": 45 },
        "end": { "line": 29, "column": 54 }
      },
      "19": {
        "start": { "line": 31, "column": 4 },
        "end": { "line": 33, "column": 5 }
      },
      "20": {
        "start": { "line": 32, "column": 6 },
        "end": { "line": 32, "column": 43 }
      },
      "21": {
        "start": { "line": 35, "column": 4 },
        "end": { "line": 37, "column": 5 }
      },
      "22": {
        "start": { "line": 36, "column": 6 },
        "end": { "line": 36, "column": 43 }
      },
      "23": {
        "start": { "line": 39, "column": 4 },
        "end": { "line": 41, "column": 5 }
      },
      "24": {
        "start": { "line": 40, "column": 6 },
        "end": { "line": 40, "column": 61 }
      },
      "25": {
        "start": { "line": 43, "column": 4 },
        "end": { "line": 53, "column": 5 }
      },
      "26": {
        "start": { "line": 44, "column": 6 },
        "end": { "line": 50, "column": 9 }
      },
      "27": {
        "start": { "line": 52, "column": 6 },
        "end": { "line": 52, "column": 13 }
      },
      "28": {
        "start": { "line": 55, "column": 20 },
        "end": { "line": 55, "column": 22 }
      },
      "29": {
        "start": { "line": 56, "column": 4 },
        "end": { "line": 61, "column": 5 }
      },
      "30": {
        "start": { "line": 57, "column": 6 },
        "end": { "line": 60, "column": 8 }
      },
      "31": {
        "start": { "line": 63, "column": 32 },
        "end": { "line": 63, "column": 34 }
      },
      "32": {
        "start": { "line": 65, "column": 4 },
        "end": { "line": 67, "column": 5 }
      },
      "33": {
        "start": { "line": 66, "column": 6 },
        "end": { "line": 66, "column": 35 }
      },
      "34": {
        "start": { "line": 69, "column": 4 },
        "end": { "line": 71, "column": 5 }
      },
      "35": {
        "start": { "line": 70, "column": 6 },
        "end": { "line": 70, "column": 35 }
      },
      "36": {
        "start": { "line": 73, "column": 4 },
        "end": { "line": 86, "column": 5 }
      },
      "37": {
        "start": { "line": 74, "column": 27 },
        "end": { "line": 74, "column": 73 }
      },
      "38": {
        "start": { "line": 76, "column": 6 },
        "end": { "line": 85, "column": 7 }
      },
      "39": {
        "start": { "line": 77, "column": 8 },
        "end": { "line": 83, "column": 11 }
      },
      "40": {
        "start": { "line": 84, "column": 8 },
        "end": { "line": 84, "column": 15 }
      },
      "41": {
        "start": { "line": 89, "column": 27 },
        "end": { "line": 89, "column": 58 }
      },
      "42": {
        "start": { "line": 92, "column": 20 },
        "end": { "line": 100, "column": 6 }
      },
      "43": {
        "start": { "line": 102, "column": 20 },
        "end": { "line": 106, "column": 6 }
      },
      "44": {
        "start": { "line": 108, "column": 24 },
        "end": { "line": 108, "column": 52 }
      },
      "45": {
        "start": { "line": 109, "column": 25 },
        "end": { "line": 109, "column": 54 }
      },
      "46": {
        "start": { "line": 111, "column": 4 },
        "end": { "line": 127, "column": 7 }
      },
      "47": {
        "start": { "line": 129, "column": 4 },
        "end": { "line": 132, "column": 7 }
      },
      "48": {
        "start": { "line": 18, "column": 13 },
        "end": { "line": 18, "column": 24 }
      },
      "49": {
        "start": { "line": 137, "column": 21 },
        "end": { "line": 206, "column": 1 }
      },
      "50": {
        "start": { "line": 138, "column": 2 },
        "end": { "line": 205, "column": 3 }
      },
      "51": {
        "start": { "line": 139, "column": 39 },
        "end": { "line": 139, "column": 47 }
      },
      "52": {
        "start": { "line": 141, "column": 4 },
        "end": { "line": 156, "column": 5 }
      },
      "53": {
        "start": { "line": 142, "column": 6 },
        "end": { "line": 153, "column": 9 }
      },
      "54": {
        "start": { "line": 155, "column": 6 },
        "end": { "line": 155, "column": 13 }
      },
      "55": {
        "start": { "line": 158, "column": 17 },
        "end": { "line": 160, "column": 6 }
      },
      "56": {
        "start": { "line": 162, "column": 4 },
        "end": { "line": 172, "column": 5 }
      },
      "57": {
        "start": { "line": 163, "column": 6 },
        "end": { "line": 169, "column": 9 }
      },
      "58": {
        "start": { "line": 171, "column": 6 },
        "end": { "line": 171, "column": 13 }
      },
      "59": {
        "start": { "line": 174, "column": 20 },
        "end": { "line": 178, "column": 6 }
      },
      "60": {
        "start": { "line": 179, "column": 24 },
        "end": { "line": 179, "column": 52 }
      },
      "61": {
        "start": { "line": 180, "column": 25 },
        "end": { "line": 180, "column": 54 }
      },
      "62": {
        "start": { "line": 182, "column": 4 },
        "end": { "line": 182, "column": 65 }
      },
      "63": {
        "start": { "line": 184, "column": 4 },
        "end": { "line": 199, "column": 7 }
      },
      "64": {
        "start": { "line": 201, "column": 4 },
        "end": { "line": 204, "column": 7 }
      },
      "65": {
        "start": { "line": 137, "column": 13 },
        "end": { "line": 137, "column": 21 }
      },
      "66": {
        "start": { "line": 209, "column": 35 },
        "end": { "line": 251, "column": 1 }
      },
      "67": {
        "start": { "line": 213, "column": 27 },
        "end": { "line": 213, "column": 35 }
      },
      "68": {
        "start": { "line": 215, "column": 2 },
        "end": { "line": 224, "column": 3 }
      },
      "69": {
        "start": { "line": 216, "column": 4 },
        "end": { "line": 221, "column": 7 }
      },
      "70": {
        "start": { "line": 223, "column": 4 },
        "end": { "line": 223, "column": 11 }
      },
      "71": {
        "start": { "line": 225, "column": 2 },
        "end": { "line": 250, "column": 3 }
      },
      "72": {
        "start": { "line": 226, "column": 20 },
        "end": { "line": 228, "column": null }
      },
      "73": {
        "start": { "line": 231, "column": 20 },
        "end": { "line": 235, "column": 6 }
      },
      "74": {
        "start": { "line": 237, "column": 27 },
        "end": { "line": 237, "column": 55 }
      },
      "75": {
        "start": { "line": 239, "column": 4 },
        "end": { "line": 244, "column": 7 }
      },
      "76": {
        "start": { "line": 246, "column": 4 },
        "end": { "line": 249, "column": 7 }
      },
      "77": {
        "start": { "line": 209, "column": 13 },
        "end": { "line": 209, "column": 35 }
      }
    },
    "fnMap": {
      "0": {
        "name": "(anonymous_1)",
        "decl": {
          "start": { "line": 18, "column": 24 },
          "end": { "line": 18, "column": 29 }
        },
        "loc": {
          "start": { "line": 18, "column": 77 },
          "end": { "line": 134, "column": 1 }
        }
      },
      "1": {
        "name": "(anonymous_2)",
        "decl": {
          "start": { "line": 137, "column": 21 },
          "end": { "line": 137, "column": 26 }
        },
        "loc": {
          "start": { "line": 137, "column": 59 },
          "end": { "line": 206, "column": 1 }
        }
      },
      "2": {
        "name": "(anonymous_3)",
        "decl": {
          "start": { "line": 209, "column": 35 },
          "end": { "line": 209, "column": 40 }
        },
        "loc": {
          "start": { "line": 212, "column": 19 },
          "end": { "line": 251, "column": 1 }
        }
      }
    },
    "branchMap": {
      "0": {
        "loc": {
          "start": { "line": 25, "column": 4 },
          "end": { "line": 27, "column": 5 }
        },
        "type": "if",
        "locations": [
          {
            "start": { "line": 25, "column": 4 },
            "end": { "line": 27, "column": 5 }
          }
        ]
      },
      "1": {
        "loc": {
          "start": { "line": 25, "column": 8 },
          "end": { "line": 25, "column": 36 }
        },
        "type": "binary-expr",
        "locations": [
          {
            "start": { "line": 25, "column": 8 },
            "end": { "line": 25, "column": 13 }
          },
          {
            "start": { "line": 25, "column": 17 },
            "end": { "line": 25, "column": 23 }
          },
          {
            "start": { "line": 25, "column": 27 },
            "end": { "line": 25, "column": 36 }
          }
        ]
      },
      "2": {
        "loc": {
          "start": { "line": 31, "column": 4 },
          "end": { "line": 33, "column": 5 }
        },
        "type": "if",
        "locations": [
          {
            "start": { "line": 31, "column": 4 },
            "end": { "line": 33, "column": 5 }
          }
        ]
      },
      "3": {
        "loc": {
          "start": { "line": 31, "column": 8 },
          "end": { "line": 31, "column": 42 }
        },
        "type": "binary-expr",
        "locations": [
          {
            "start": { "line": 31, "column": 8 },
            "end": { "line": 31, "column": 13 }
          },
          {
            "start": { "line": 31, "column": 17 },
            "end": { "line": 31, "column": 42 }
          }
        ]
      },
      "4": {
        "loc": {
          "start": { "line": 35, "column": 4 },
          "end": { "line": 37, "column": 5 }
        },
        "type": "if",
        "locations": [
          {
            "start": { "line": 35, "column": 4 },
            "end": { "line": 37, "column": 5 }
          }
        ]
      },
      "5": {
        "loc": {
          "start": { "line": 35, "column": 8 },
          "end": { "line": 35, "column": 55 }
        },
        "type": "binary-expr",
        "locations": [
          {
            "start": { "line": 35, "column": 8 },
            "end": { "line": 35, "column": 13 }
          },
          {
            "start": { "line": 35, "column": 17 },
            "end": { "line": 35, "column": 55 }
          }
        ]
      },
      "6": {
        "loc": {
          "start": { "line": 39, "column": 4 },
          "end": { "line": 41, "column": 5 }
        },
        "type": "if",
        "locations": [
          {
            "start": { "line": 39, "column": 4 },
            "end": { "line": 41, "column": 5 }
          }
        ]
      },
      "7": {
        "loc": {
          "start": { "line": 39, "column": 8 },
          "end": { "line": 39, "column": 61 }
        },
        "type": "binary-expr",
        "locations": [
          {
            "start": { "line": 39, "column": 8 },
            "end": { "line": 39, "column": 16 }
          },
          {
            "start": { "line": 39, "column": 20 },
            "end": { "line": 39, "column": 61 }
          }
        ]
      },
      "8": {
        "loc": {
          "start": { "line": 43, "column": 4 },
          "end": { "line": 53, "column": 5 }
        },
        "type": "if",
        "locations": [
          {
            "start": { "line": 43, "column": 4 },
            "end": { "line": 53, "column": 5 }
          }
        ]
      },
      "9": {
        "loc": {
          "start": { "line": 56, "column": 4 },
          "end": { "line": 61, "column": 5 }
        },
        "type": "if",
        "locations": [
          {
            "start": { "line": 56, "column": 4 },
            "end": { "line": 61, "column": 5 }
          }
        ]
      },
      "10": {
        "loc": {
          "start": { "line": 65, "column": 4 },
          "end": { "line": 67, "column": 5 }
        },
        "type": "if",
        "locations": [
          {
            "start": { "line": 65, "column": 4 },
            "end": { "line": 67, "column": 5 }
          }
        ]
      },
      "11": {
        "loc": {
          "start": { "line": 69, "column": 4 },
          "end": { "line": 71, "column": 5 }
        },
        "type": "if",
        "locations": [
          {
            "start": { "line": 69, "column": 4 },
            "end": { "line": 71, "column": 5 }
          }
        ]
      },
      "12": {
        "loc": {
          "start": { "line": 73, "column": 4 },
          "end": { "line": 86, "column": 5 }
        },
        "type": "if",
        "locations": [
          {
            "start": { "line": 73, "column": 4 },
            "end": { "line": 86, "column": 5 }
          }
        ]
      },
      "13": {
        "loc": {
          "start": { "line": 76, "column": 6 },
          "end": { "line": 85, "column": 7 }
        },
        "type": "if",
        "locations": [
          {
            "start": { "line": 76, "column": 6 },
            "end": { "line": 85, "column": 7 }
          }
        ]
      },
      "14": {
        "loc": {
          "start": { "line": 99, "column": 12 },
          "end": { "line": 99, "column": 36 }
        },
        "type": "cond-expr",
        "locations": [
          {
            "start": { "line": 99, "column": 19 },
            "end": { "line": 99, "column": 23 }
          },
          {
            "start": { "line": 99, "column": 26 },
            "end": { "line": 99, "column": 36 }
          }
        ]
      },
      "15": {
        "loc": {
          "start": { "line": 141, "column": 4 },
          "end": { "line": 156, "column": 5 }
        },
        "type": "if",
        "locations": [
          {
            "start": { "line": 141, "column": 4 },
            "end": { "line": 156, "column": 5 }
          }
        ]
      },
      "16": {
        "loc": {
          "start": { "line": 141, "column": 8 },
          "end": { "line": 141, "column": 39 }
        },
        "type": "binary-expr",
        "locations": [
          {
            "start": { "line": 141, "column": 9 },
            "end": { "line": 141, "column": 15 }
          },
          {
            "start": { "line": 141, "column": 19 },
            "end": { "line": 141, "column": 25 }
          },
          {
            "start": { "line": 141, "column": 30 },
            "end": { "line": 141, "column": 39 }
          }
        ]
      },
      "17": {
        "loc": {
          "start": { "line": 148, "column": 10 },
          "end": { "line": 150, "column": 23 }
        },
        "type": "cond-expr",
        "locations": [
          {
            "start": { "line": 149, "column": 14 },
            "end": { "line": 149, "column": 53 }
          },
          {
            "start": { "line": 150, "column": 14 },
            "end": { "line": 150, "column": 23 }
          }
        ]
      },
      "18": {
        "loc": {
          "start": { "line": 148, "column": 10 },
          "end": { "line": 148, "column": 26 }
        },
        "type": "binary-expr",
        "locations": [
          {
            "start": { "line": 148, "column": 10 },
            "end": { "line": 148, "column": 16 }
          },
          {
            "start": { "line": 148, "column": 20 },
            "end": { "line": 148, "column": 26 }
          }
        ]
      },
      "19": {
        "loc": {
          "start": { "line": 151, "column": 10 },
          "end": { "line": 151, "column": 60 }
        },
        "type": "cond-expr",
        "locations": [
          {
            "start": { "line": 151, "column": 22 },
            "end": { "line": 151, "column": 48 }
          },
          {
            "start": { "line": 151, "column": 51 },
            "end": { "line": 151, "column": 60 }
          }
        ]
      },
      "20": {
        "loc": {
          "start": { "line": 162, "column": 4 },
          "end": { "line": 172, "column": 5 }
        },
        "type": "if",
        "locations": [
          {
            "start": { "line": 162, "column": 4 },
            "end": { "line": 172, "column": 5 }
          }
        ]
      },
      "21": {
        "loc": {
          "start": { "line": 162, "column": 8 },
          "end": { "line": 162, "column": 65 }
        },
        "type": "binary-expr",
        "locations": [
          {
            "start": { "line": 162, "column": 8 },
            "end": { "line": 162, "column": 13 }
          },
          {
            "start": { "line": 162, "column": 17 },
            "end": { "line": 162, "column": 65 }
          }
        ]
      },
      "22": {
        "loc": {
          "start": { "line": 215, "column": 2 },
          "end": { "line": 224, "column": 3 }
        },
        "type": "if",
        "locations": [
          {
            "start": { "line": 215, "column": 2 },
            "end": { "line": 224, "column": 3 }
          }
        ]
      }
    },
    "s": {
      "0": 1,
      "1": 1,
      "2": 1,
      "3": 1,
      "4": 1,
      "5": 1,
      "6": 1,
      "7": 1,
      "8": 1,
      "9": 1,
      "10": 1,
      "11": 1,
      "12": 1,
      "13": 0,
      "14": 0,
      "15": 0,
      "16": 0,
      "17": 0,
      "18": 0,
      "19": 0,
      "20": 0,
      "21": 0,
      "22": 0,
      "23": 0,
      "24": 0,
      "25": 0,
      "26": 0,
      "27": 0,
      "28": 0,
      "29": 0,
      "30": 0,
      "31": 0,
      "32": 0,
      "33": 0,
      "34": 0,
      "35": 0,
      "36": 0,
      "37": 0,
      "38": 0,
      "39": 0,
      "40": 0,
      "41": 0,
      "42": 0,
      "43": 0,
      "44": 0,
      "45": 0,
      "46": 0,
      "47": 0,
      "48": 1,
      "49": 1,
      "50": 0,
      "51": 0,
      "52": 0,
      "53": 0,
      "54": 0,
      "55": 0,
      "56": 0,
      "57": 0,
      "58": 0,
      "59": 0,
      "60": 0,
      "61": 0,
      "62": 0,
      "63": 0,
      "64": 0,
      "65": 1,
      "66": 1,
      "67": 0,
      "68": 0,
      "69": 0,
      "70": 0,
      "71": 0,
      "72": 0,
      "73": 0,
      "74": 0,
      "75": 0,
      "76": 0,
      "77": 1
    },
    "f": { "0": 0, "1": 0, "2": 0 },
    "b": {
      "0": [0],
      "1": [0, 0, 0],
      "2": [0],
      "3": [0, 0],
      "4": [0],
      "5": [0, 0],
      "6": [0],
      "7": [0, 0],
      "8": [0],
      "9": [0],
      "10": [0],
      "11": [0],
      "12": [0],
      "13": [0],
      "14": [0, 0],
      "15": [0],
      "16": [0, 0, 0],
      "17": [0, 0],
      "18": [0, 0],
      "19": [0, 0],
      "20": [0],
      "21": [0, 0],
      "22": [0]
    }
  },
  "/home/chann-yeng/my-web-project/Electronic Shop Folder/electronic-shop-api/src/controllers/category.controller.ts": {
    "path": "/home/chann-yeng/my-web-project/Electronic Shop Folder/electronic-shop-api/src/controllers/category.controller.ts",
    "statementMap": {
      "0": {
        "start": { "line": 1, "column": 0 },
        "end": { "line": 1, "column": 58 }
      },
      "1": {
        "start": { "line": 2, "column": 0 },
        "end": { "line": 2, "column": 48 }
      },
      "2": {
        "start": { "line": 4, "column": 0 },
        "end": { "line": 4, "column": 32 }
      },
      "3": {
        "start": { "line": 5, "column": 0 },
        "end": { "line": 5, "column": 30 }
      },
      "4": {
        "start": { "line": 6, "column": 0 },
        "end": { "line": 6, "column": 61 }
      },
      "5": {
        "start": { "line": 8, "column": 22 },
        "end": { "line": 8, "column": 40 }
      },
      "6": {
        "start": { "line": 10, "column": 37 },
        "end": { "line": 78, "column": 1 }
      },
      "7": {
        "start": { "line": 14, "column": 2 },
        "end": { "line": 77, "column": 3 }
      },
      "8": {
        "start": { "line": 15, "column": 51 },
        "end": { "line": 15, "column": 59 }
      },
      "9": {
        "start": { "line": 18, "column": 4 },
        "end": { "line": 27, "column": 5 }
      },
      "10": {
        "start": { "line": 19, "column": 6 },
        "end": { "line": 25, "column": 9 }
      },
      "11": {
        "start": { "line": 26, "column": 6 },
        "end": { "line": 26, "column": 13 }
      },
      "12": {
        "start": { "line": 30, "column": 17 },
        "end": { "line": 34, "column": 6 }
      },
      "13": {
        "start": { "line": 37, "column": 17 },
        "end": { "line": 40, "column": 25 }
      },
      "14": {
        "start": { "line": 43, "column": 29 },
        "end": { "line": 43, "column": 66 }
      },
      "15": {
        "start": { "line": 44, "column": 4 },
        "end": { "line": 53, "column": 5 }
      },
      "16": {
        "start": { "line": 45, "column": 6 },
        "end": { "line": 51, "column": 9 }
      },
      "17": {
        "start": { "line": 52, "column": 6 },
        "end": { "line": 52, "column": 13 }
      },
      "18": {
        "start": { "line": 55, "column": 24 },
        "end": { "line": 61, "column": 6 }
      },
      "19": {
        "start": { "line": 63, "column": 4 },
        "end": { "line": 63, "column": 29 }
      },
      "20": {
        "start": { "line": 66, "column": 4 },
        "end": { "line": 71, "column": 7 }
      },
      "21": {
        "start": { "line": 73, "column": 4 },
        "end": { "line": 76, "column": 7 }
      },
      "22": {
        "start": { "line": 10, "column": 13 },
        "end": { "line": 10, "column": 37 }
      },
      "23": {
        "start": { "line": 81, "column": 37 },
        "end": { "line": 100, "column": 1 }
      },
      "24": {
        "start": { "line": 85, "column": 2 },
        "end": { "line": 99, "column": 3 }
      },
      "25": {
        "start": { "line": 86, "column": 25 },
        "end": { "line": 86, "column": 53 }
      },
      "26": {
        "start": { "line": 88, "column": 4 },
        "end": { "line": 93, "column": 7 }
      },
      "27": {
        "start": { "line": 95, "column": 4 },
        "end": { "line": 98, "column": 7 }
      },
      "28": {
        "start": { "line": 81, "column": 13 },
        "end": { "line": 81, "column": 37 }
      },
      "29": {
        "start": { "line": 103, "column": 40 },
        "end": { "line": 130, "column": 1 }
      },
      "30": {
        "start": { "line": 107, "column": 2 },
        "end": { "line": 129, "column": 3 }
      },
      "31": {
        "start": { "line": 108, "column": 21 },
        "end": { "line": 110, "column": 13 }
      },
      "32": {
        "start": { "line": 111, "column": 4 },
        "end": { "line": 117, "column": 5 }
      },
      "33": {
        "start": { "line": 112, "column": 6 },
        "end": { "line": 116, "column": 9 }
      },
      "34": {
        "start": { "line": 119, "column": 4 },
        "end": { "line": 123, "column": 7 }
      },
      "35": {
        "start": { "line": 125, "column": 4 },
        "end": { "line": 128, "column": 7 }
      },
      "36": {
        "start": { "line": 103, "column": 13 },
        "end": { "line": 103, "column": 40 }
      },
      "37": {
        "start": { "line": 133, "column": 38 },
        "end": { "line": 160, "column": 1 }
      },
      "38": {
        "start": { "line": 137, "column": 2 },
        "end": { "line": 159, "column": 3 }
      },
      "39": {
        "start": { "line": 138, "column": 21 },
        "end": { "line": 138, "column": 79 }
      },
      "40": {
        "start": { "line": 139, "column": 4 },
        "end": { "line": 147, "column": 5 }
      },
      "41": {
        "start": { "line": 140, "column": 6 },
        "end": { "line": 146, "column": 9 }
      },
      "42": {
        "start": { "line": 149, "column": 4 },
        "end": { "line": 153, "column": 7 }
      },
      "43": {
        "start": { "line": 155, "column": 4 },
        "end": { "line": 158, "column": 7 }
      },
      "44": {
        "start": { "line": 133, "column": 13 },
        "end": { "line": 133, "column": 38 }
      },
      "45": {
        "start": { "line": 163, "column": 40 },
        "end": { "line": 208, "column": 1 }
      },
      "46": {
        "start": { "line": 167, "column": 2 },
        "end": { "line": 207, "column": 3 }
      },
      "47": {
        "start": { "line": 168, "column": 20 },
        "end": { "line": 168, "column": 34 }
      },
      "48": {
        "start": { "line": 170, "column": 4 },
        "end": { "line": 179, "column": 5 }
      },
      "49": {
        "start": { "line": 171, "column": 6 },
        "end": { "line": 177, "column": 9 }
      },
      "50": {
        "start": { "line": 178, "column": 6 },
        "end": { "line": 178, "column": 13 }
      },
      "51": {
        "start": { "line": 181, "column": 17 },
        "end": { "line": 181, "column": 44 }
      },
      "52": {
        "start": { "line": 183, "column": 21 },
        "end": { "line": 183, "column": 58 }
      },
      "53": {
        "start": { "line": 185, "column": 4 },
        "end": { "line": 195, "column": 5 }
      },
      "54": {
        "start": { "line": 186, "column": 6 },
        "end": { "line": 192, "column": 9 }
      },
      "55": {
        "start": { "line": 194, "column": 6 },
        "end": { "line": 194, "column": 13 }
      },
      "56": {
        "start": { "line": 197, "column": 4 },
        "end": { "line": 201, "column": 7 }
      },
      "57": {
        "start": { "line": 203, "column": 4 },
        "end": { "line": 206, "column": 7 }
      },
      "58": {
        "start": { "line": 163, "column": 13 },
        "end": { "line": 163, "column": 40 }
      },
      "59": {
        "start": { "line": 211, "column": 40 },
        "end": { "line": 252, "column": 1 }
      },
      "60": {
        "start": { "line": 215, "column": 2 },
        "end": { "line": 251, "column": 3 }
      },
      "61": {
        "start": { "line": 216, "column": 21 },
        "end": { "line": 216, "column": 31 }
      },
      "62": {
        "start": { "line": 217, "column": 4 },
        "end": { "line": 227, "column": 5 }
      },
      "63": {
        "start": { "line": 218, "column": 6 },
        "end": { "line": 224, "column": 9 }
      },
      "64": {
        "start": { "line": 226, "column": 6 },
        "end": { "line": 226, "column": 13 }
      },
      "65": {
        "start": { "line": 229, "column": 21 },
        "end": { "line": 229, "column": 58 }
      },
      "66": {
        "start": { "line": 230, "column": 4 },
        "end": { "line": 238, "column": 5 }
      },
      "67": {
        "start": { "line": 231, "column": 6 },
        "end": { "line": 237, "column": 9 }
      },
      "68": {
        "start": { "line": 240, "column": 4 },
        "end": { "line": 245, "column": 7 }
      },
      "69": {
        "start": { "line": 247, "column": 4 },
        "end": { "line": 250, "column": 7 }
      },
      "70": {
        "start": { "line": 211, "column": 13 },
        "end": { "line": 211, "column": 40 }
      },
      "71": {
        "start": { "line": 255, "column": 50 },
        "end": { "line": 270, "column": 1 }
      },
      "72": {
        "start": { "line": 260, "column": 25 },
        "end": { "line": 260, "column": 35 }
      },
      "73": {
        "start": { "line": 261, "column": 2 },
        "end": { "line": 269, "column": 3 }
      },
      "74": {
        "start": { "line": 262, "column": 4 },
        "end": { "line": 266, "column": 5 }
      },
      "75": {
        "start": { "line": 263, "column": 6 },
        "end": { "line": 263, "column": 45 }
      },
      "76": {
        "start": { "line": 265, "column": 6 },
        "end": { "line": 265, "column": 47 }
      },
      "77": {
        "start": { "line": 268, "column": 4 },
        "end": { "line": 268, "column": 16 }
      },
      "78": {
        "start": { "line": 255, "column": 13 },
        "end": { "line": 255, "column": 50 }
      },
      "79": {
        "start": { "line": 273, "column": 42 },
        "end": { "line": 301, "column": 1 }
      },
      "80": {
        "start": { "line": 277, "column": 2 },
        "end": { "line": 300, "column": 3 }
      },
      "81": {
        "start": { "line": 278, "column": 23 },
        "end": { "line": 278, "column": 36 }
      },
      "82": {
        "start": { "line": 279, "column": 29 },
        "end": { "line": 279, "column": 78 }
      },
      "83": {
        "start": { "line": 280, "column": 4 },
        "end": { "line": 288, "column": 5 }
      },
      "84": {
        "start": { "line": 281, "column": 6 },
        "end": { "line": 287, "column": 9 }
      },
      "85": {
        "start": { "line": 290, "column": 4 },
        "end": { "line": 294, "column": 7 }
      },
      "86": {
        "start": { "line": 296, "column": 4 },
        "end": { "line": 299, "column": 7 }
      },
      "87": {
        "start": { "line": 273, "column": 13 },
        "end": { "line": 273, "column": 42 }
      },
      "88": {
        "start": { "line": 303, "column": 37 },
        "end": { "line": 350, "column": 1 }
      },
      "89": {
        "start": { "line": 307, "column": 2 },
        "end": { "line": 349, "column": 3 }
      },
      "90": {
        "start": { "line": 308, "column": 15 },
        "end": { "line": 308, "column": 28 }
      },
      "91": {
        "start": { "line": 309, "column": 44 },
        "end": { "line": 309, "column": 52 }
      },
      "92": {
        "start": { "line": 311, "column": 23 },
        "end": { "line": 319, "column": 6 }
      },
      "93": {
        "start": { "line": 321, "column": 28 },
        "end": { "line": 324, "column": null }
      },
      "94": {
        "start": { "line": 327, "column": 4 },
        "end": { "line": 337, "column": 5 }
      },
      "95": {
        "start": { "line": 328, "column": 6 },
        "end": { "line": 334, "column": 9 }
      },
      "96": {
        "start": { "line": 336, "column": 6 },
        "end": { "line": 336, "column": 13 }
      },
      "97": {
        "start": { "line": 339, "column": 4 },
        "end": { "line": 343, "column": 7 }
      },
      "98": {
        "start": { "line": 345, "column": 4 },
        "end": { "line": 348, "column": 7 }
      },
      "99": {
        "start": { "line": 303, "column": 13 },
        "end": { "line": 303, "column": 37 }
      }
    },
    "fnMap": {
      "0": {
        "name": "(anonymous_1)",
        "decl": {
          "start": { "line": 10, "column": 37 },
          "end": { "line": 10, "column": 42 }
        },
        "loc": {
          "start": { "line": 13, "column": 19 },
          "end": { "line": 78, "column": 1 }
        }
      },
      "1": {
        "name": "(anonymous_2)",
        "decl": {
          "start": { "line": 81, "column": 37 },
          "end": { "line": 81, "column": 42 }
        },
        "loc": {
          "start": { "line": 84, "column": 19 },
          "end": { "line": 100, "column": 1 }
        }
      },
      "2": {
        "name": "(anonymous_3)",
        "decl": {
          "start": { "line": 103, "column": 40 },
          "end": { "line": 103, "column": 45 }
        },
        "loc": {
          "start": { "line": 106, "column": 19 },
          "end": { "line": 130, "column": 1 }
        }
      },
      "3": {
        "name": "(anonymous_4)",
        "decl": {
          "start": { "line": 133, "column": 38 },
          "end": { "line": 133, "column": 43 }
        },
        "loc": {
          "start": { "line": 136, "column": 19 },
          "end": { "line": 160, "column": 1 }
        }
      },
      "4": {
        "name": "(anonymous_5)",
        "decl": {
          "start": { "line": 163, "column": 40 },
          "end": { "line": 163, "column": 45 }
        },
        "loc": {
          "start": { "line": 166, "column": 19 },
          "end": { "line": 208, "column": 1 }
        }
      },
      "5": {
        "name": "(anonymous_6)",
        "decl": {
          "start": { "line": 211, "column": 40 },
          "end": { "line": 211, "column": 45 }
        },
        "loc": {
          "start": { "line": 214, "column": 19 },
          "end": { "line": 252, "column": 1 }
        }
      },
      "6": {
        "name": "(anonymous_7)",
        "decl": {
          "start": { "line": 255, "column": 50 },
          "end": { "line": 255, "column": 55 }
        },
        "loc": {
          "start": { "line": 259, "column": 19 },
          "end": { "line": 270, "column": 1 }
        }
      },
      "7": {
        "name": "(anonymous_8)",
        "decl": {
          "start": { "line": 273, "column": 42 },
          "end": { "line": 273, "column": 47 }
        },
        "loc": {
          "start": { "line": 276, "column": 19 },
          "end": { "line": 301, "column": 1 }
        }
      },
      "8": {
        "name": "(anonymous_9)",
        "decl": {
          "start": { "line": 303, "column": 37 },
          "end": { "line": 303, "column": 42 }
        },
        "loc": {
          "start": { "line": 306, "column": 19 },
          "end": { "line": 350, "column": 1 }
        }
      }
    },
    "branchMap": {
      "0": {
        "loc": {
          "start": { "line": 15, "column": 18 },
          "end": { "line": 15, "column": 33 }
        },
        "type": "default-arg",
        "locations": [
          {
            "start": { "line": 15, "column": 29 },
            "end": { "line": 15, "column": 33 }
          }
        ]
      },
      "1": {
        "loc": {
          "start": { "line": 18, "column": 4 },
          "end": { "line": 27, "column": 5 }
        },
        "type": "if",
        "locations": [
          {
            "start": { "line": 18, "column": 4 },
            "end": { "line": 27, "column": 5 }
          }
        ]
      },
      "2": {
        "loc": {
          "start": { "line": 44, "column": 4 },
          "end": { "line": 53, "column": 5 }
        },
        "type": "if",
        "locations": [
          {
            "start": { "line": 44, "column": 4 },
            "end": { "line": 53, "column": 5 }
          }
        ]
      },
      "3": {
        "loc": {
          "start": { "line": 111, "column": 4 },
          "end": { "line": 117, "column": 5 }
        },
        "type": "if",
        "locations": [
          {
            "start": { "line": 111, "column": 4 },
            "end": { "line": 117, "column": 5 }
          }
        ]
      },
      "4": {
        "loc": {
          "start": { "line": 139, "column": 4 },
          "end": { "line": 147, "column": 5 }
        },
        "type": "if",
        "locations": [
          {
            "start": { "line": 139, "column": 4 },
            "end": { "line": 147, "column": 5 }
          }
        ]
      },
      "5": {
        "loc": {
          "start": { "line": 170, "column": 4 },
          "end": { "line": 179, "column": 5 }
        },
        "type": "if",
        "locations": [
          {
            "start": { "line": 170, "column": 4 },
            "end": { "line": 179, "column": 5 }
          }
        ]
      },
      "6": {
        "loc": {
          "start": { "line": 170, "column": 8 },
          "end": { "line": 170, "column": 47 }
        },
        "type": "binary-expr",
        "locations": [
          {
            "start": { "line": 170, "column": 8 },
            "end": { "line": 170, "column": 16 }
          },
          {
            "start": { "line": 170, "column": 20 },
            "end": { "line": 170, "column": 47 }
          }
        ]
      },
      "7": {
        "loc": {
          "start": { "line": 185, "column": 4 },
          "end": { "line": 195, "column": 5 }
        },
        "type": "if",
        "locations": [
          {
            "start": { "line": 185, "column": 4 },
            "end": { "line": 195, "column": 5 }
          }
        ]
      },
      "8": {
        "loc": {
          "start": { "line": 217, "column": 4 },
          "end": { "line": 227, "column": 5 }
        },
        "type": "if",
        "locations": [
          {
            "start": { "line": 217, "column": 4 },
            "end": { "line": 227, "column": 5 }
          }
        ]
      },
      "9": {
        "loc": {
          "start": { "line": 217, "column": 8 },
          "end": { "line": 217, "column": 41 }
        },
        "type": "binary-expr",
        "locations": [
          {
            "start": { "line": 217, "column": 8 },
            "end": { "line": 217, "column": 13 }
          },
          {
            "start": { "line": 217, "column": 17 },
            "end": { "line": 217, "column": 41 }
          }
        ]
      },
      "10": {
        "loc": {
          "start": { "line": 230, "column": 4 },
          "end": { "line": 238, "column": 5 }
        },
        "type": "if",
        "locations": [
          {
            "start": { "line": 230, "column": 4 },
            "end": { "line": 238, "column": 5 }
          }
        ]
      },
      "11": {
        "loc": {
          "start": { "line": 262, "column": 4 },
          "end": { "line": 266, "column": 5 }
        },
        "type": "if",
        "locations": [
          {
            "start": { "line": 262, "column": 4 },
            "end": { "line": 266, "column": 5 }
          },
          {
            "start": { "line": 264, "column": 11 },
            "end": { "line": 266, "column": 5 }
          }
        ]
      },
      "12": {
        "loc": {
          "start": { "line": 280, "column": 4 },
          "end": { "line": 288, "column": 5 }
        },
        "type": "if",
        "locations": [
          {
            "start": { "line": 280, "column": 4 },
            "end": { "line": 288, "column": 5 }
          }
        ]
      },
      "13": {
        "loc": {
          "start": { "line": 327, "column": 4 },
          "end": { "line": 337, "column": 5 }
        },
        "type": "if",
        "locations": [
          {
            "start": { "line": 327, "column": 4 },
            "end": { "line": 337, "column": 5 }
          }
        ]
      }
    },
    "s": {
      "0": 1,
      "1": 1,
      "2": 1,
      "3": 1,
      "4": 1,
      "5": 1,
      "6": 1,
      "7": 0,
      "8": 0,
      "9": 0,
      "10": 0,
      "11": 0,
      "12": 0,
      "13": 0,
      "14": 0,
      "15": 0,
      "16": 0,
      "17": 0,
      "18": 0,
      "19": 0,
      "20": 0,
      "21": 0,
      "22": 1,
      "23": 1,
      "24": 0,
      "25": 0,
      "26": 0,
      "27": 0,
      "28": 1,
      "29": 1,
      "30": 0,
      "31": 0,
      "32": 0,
      "33": 0,
      "34": 0,
      "35": 0,
      "36": 1,
      "37": 1,
      "38": 0,
      "39": 0,
      "40": 0,
      "41": 0,
      "42": 0,
      "43": 0,
      "44": 1,
      "45": 1,
      "46": 0,
      "47": 0,
      "48": 0,
      "49": 0,
      "50": 0,
      "51": 0,
      "52": 0,
      "53": 0,
      "54": 0,
      "55": 0,
      "56": 0,
      "57": 0,
      "58": 1,
      "59": 1,
      "60": 0,
      "61": 0,
      "62": 0,
      "63": 0,
      "64": 0,
      "65": 0,
      "66": 0,
      "67": 0,
      "68": 0,
      "69": 0,
      "70": 1,
      "71": 1,
      "72": 0,
      "73": 0,
      "74": 0,
      "75": 0,
      "76": 0,
      "77": 0,
      "78": 1,
      "79": 1,
      "80": 0,
      "81": 0,
      "82": 0,
      "83": 0,
      "84": 0,
      "85": 0,
      "86": 0,
      "87": 1,
      "88": 1,
      "89": 0,
      "90": 0,
      "91": 0,
      "92": 0,
      "93": 0,
      "94": 0,
      "95": 0,
      "96": 0,
      "97": 0,
      "98": 0,
      "99": 1
    },
    "f": {
      "0": 0,
      "1": 0,
      "2": 0,
      "3": 0,
      "4": 0,
      "5": 0,
      "6": 0,
      "7": 0,
      "8": 0
    },
    "b": {
      "0": [0],
      "1": [0],
      "2": [0],
      "3": [0],
      "4": [0],
      "5": [0],
      "6": [0, 0],
      "7": [0],
      "8": [0],
      "9": [0, 0],
      "10": [0],
      "11": [0, 0],
      "12": [0],
      "13": [0]
    }
  },
  "/home/chann-yeng/my-web-project/Electronic Shop Folder/electronic-shop-api/src/controllers/product.controller.ts": {
    "path": "/home/chann-yeng/my-web-project/Electronic Shop Folder/electronic-shop-api/src/controllers/product.controller.ts",
    "statementMap": {
      "0": {
        "start": { "line": 1, "column": 0 },
        "end": { "line": 1, "column": 32 }
      },
      "1": {
        "start": { "line": 3, "column": 0 },
        "end": { "line": 3, "column": 47 }
      },
      "2": {
        "start": { "line": 4, "column": 0 },
        "end": { "line": 4, "column": 58 }
      },
      "3": {
        "start": { "line": 5, "column": 0 },
        "end": { "line": 5, "column": 61 }
      },
      "4": {
        "start": { "line": 11, "column": 0 },
        "end": { "line": 11, "column": 30 }
      },
      "5": {
        "start": { "line": 12, "column": 0 },
        "end": { "line": 12, "column": 54 }
      },
      "6": {
        "start": { "line": 13, "column": 0 },
        "end": { "line": 13, "column": 58 }
      },
      "7": {
        "start": { "line": 14, "column": 0 },
        "end": { "line": 14, "column": 24 }
      },
      "8": {
        "start": { "line": 15, "column": 0 },
        "end": { "line": 15, "column": 20 }
      },
      "9": {
        "start": { "line": 17, "column": 21 },
        "end": { "line": 17, "column": 39 }
      },
      "10": {
        "start": { "line": 18, "column": 25 },
        "end": { "line": 18, "column": 46 }
      },
      "11": {
        "start": { "line": 19, "column": 22 },
        "end": { "line": 19, "column": 60 }
      },
      "12": {
        "start": { "line": 20, "column": 20 },
        "end": { "line": 20, "column": 74 }
      },
      "13": {
        "start": { "line": 22, "column": 2 },
        "end": { "line": 22, "column": 67 }
      },
      "14": {
        "start": { "line": 25, "column": 36 },
        "end": { "line": 178, "column": 1 }
      },
      "15": {
        "start": { "line": 29, "column": 2 },
        "end": { "line": 177, "column": 3 }
      },
      "16": {
        "start": { "line": 45, "column": 8 },
        "end": { "line": 45, "column": 16 }
      },
      "17": {
        "start": { "line": 47, "column": 28 },
        "end": { "line": 47, "column": 70 }
      },
      "18": {
        "start": { "line": 48, "column": 4 },
        "end": { "line": 58, "column": 5 }
      },
      "19": {
        "start": { "line": 49, "column": 6 },
        "end": { "line": 55, "column": 9 }
      },
      "20": {
        "start": { "line": 57, "column": 6 },
        "end": { "line": 57, "column": 13 }
      },
      "21": {
        "start": { "line": 60, "column": 4 },
        "end": { "line": 73, "column": 5 }
      },
      "22": {
        "start": { "line": 64, "column": 6 },
        "end": { "line": 70, "column": 9 }
      },
      "23": {
        "start": { "line": 72, "column": 6 },
        "end": { "line": 72, "column": 13 }
      },
      "24": {
        "start": { "line": 74, "column": 4 },
        "end": { "line": 84, "column": 5 }
      },
      "25": {
        "start": { "line": 75, "column": 6 },
        "end": { "line": 81, "column": 9 }
      },
      "26": {
        "start": { "line": 83, "column": 6 },
        "end": { "line": 83, "column": 13 }
      },
      "27": {
        "start": { "line": 86, "column": 22 },
        "end": { "line": 86, "column": 62 }
      },
      "28": {
        "start": { "line": 87, "column": 4 },
        "end": { "line": 95, "column": 5 }
      },
      "29": {
        "start": { "line": 88, "column": 6 },
        "end": { "line": 94, "column": 9 }
      },
      "30": {
        "start": { "line": 97, "column": 41 },
        "end": { "line": 97, "column": 77 }
      },
      "31": {
        "start": { "line": 99, "column": 17 },
        "end": { "line": 99, "column": 68 }
      },
      "32": {
        "start": { "line": 100, "column": 24 },
        "end": { "line": 100, "column": 73 }
      },
      "33": {
        "start": { "line": 102, "column": 6 },
        "end": { "line": 102, "column": 63 }
      },
      "34": {
        "start": { "line": 104, "column": 4 },
        "end": { "line": 108, "column": 5 }
      },
      "35": {
        "start": { "line": 105, "column": 6 },
        "end": { "line": 105, "column": 32 }
      },
      "36": {
        "start": { "line": 106, "column": 11 },
        "end": { "line": 108, "column": 5 }
      },
      "37": {
        "start": { "line": 107, "column": 6 },
        "end": { "line": 107, "column": 20 }
      },
      "38": {
        "start": { "line": 110, "column": 4 },
        "end": { "line": 114, "column": 5 }
      },
      "39": {
        "start": { "line": 111, "column": 6 },
        "end": { "line": 111, "column": 40 }
      },
      "40": {
        "start": { "line": 112, "column": 11 },
        "end": { "line": 114, "column": 5 }
      },
      "41": {
        "start": { "line": 113, "column": 6 },
        "end": { "line": 113, "column": 28 }
      },
      "42": {
        "start": { "line": 116, "column": 31 },
        "end": { "line": 116, "column": 33 }
      },
      "43": {
        "start": { "line": 118, "column": 4 },
        "end": { "line": 133, "column": 5 }
      },
      "44": {
        "start": { "line": 119, "column": 6 },
        "end": { "line": 132, "column": 7 }
      },
      "45": {
        "start": { "line": 120, "column": 27 },
        "end": { "line": 120, "column": 51 }
      },
      "46": {
        "start": { "line": 122, "column": 8 },
        "end": { "line": 125, "column": 10 }
      },
      "47": {
        "start": { "line": 124, "column": 12 },
        "end": { "line": 124, "column": 76 }
      },
      "48": {
        "start": { "line": 128, "column": 8 },
        "end": { "line": 131, "column": 10 }
      },
      "49": {
        "start": { "line": 130, "column": 12 },
        "end": { "line": 130, "column": 76 }
      },
      "50": {
        "start": { "line": 135, "column": 48 },
        "end": { "line": 149, "column": 6 }
      },
      "51": {
        "start": { "line": 151, "column": 38 },
        "end": { "line": 162, "column": 6 }
      },
      "52": {
        "start": { "line": 164, "column": 26 },
        "end": { "line": 164, "column": 60 }
      },
      "53": {
        "start": { "line": 166, "column": 4 },
        "end": { "line": 171, "column": 7 }
      },
      "54": {
        "start": { "line": 173, "column": 4 },
        "end": { "line": 176, "column": 7 }
      },
      "55": {
        "start": { "line": 25, "column": 13 },
        "end": { "line": 25, "column": 36 }
      },
      "56": {
        "start": { "line": 181, "column": 37 },
        "end": { "line": 228, "column": 1 }
      },
      "57": {
        "start": { "line": 182, "column": 2 },
        "end": { "line": 227, "column": 3 }
      },
      "58": {
        "start": { "line": 183, "column": 17 },
        "end": { "line": 183, "column": 56 }
      },
      "59": {
        "start": { "line": 184, "column": 18 },
        "end": { "line": 184, "column": 59 }
      },
      "60": {
        "start": { "line": 185, "column": 17 },
        "end": { "line": 185, "column": 35 }
      },
      "61": {
        "start": { "line": 187, "column": 18 },
        "end": { "line": 187, "column": 55 }
      },
      "62": {
        "start": { "line": 189, "column": 24 },
        "end": { "line": 195, "column": 13 }
      },
      "63": {
        "start": { "line": 197, "column": 23 },
        "end": { "line": 197, "column": 47 }
      },
      "64": {
        "start": { "line": 199, "column": 4 },
        "end": { "line": 205, "column": 5 }
      },
      "65": {
        "start": { "line": 200, "column": 6 },
        "end": { "line": 204, "column": 9 }
      },
      "66": {
        "start": { "line": 207, "column": 4 },
        "end": { "line": 221, "column": 7 }
      },
      "67": {
        "start": { "line": 223, "column": 4 },
        "end": { "line": 226, "column": 7 }
      },
      "68": {
        "start": { "line": 181, "column": 13 },
        "end": { "line": 181, "column": 37 }
      },
      "69": {
        "start": { "line": 231, "column": 39 },
        "end": { "line": 262, "column": 1 }
      },
      "70": {
        "start": { "line": 232, "column": 2 },
        "end": { "line": 261, "column": 3 }
      },
      "71": {
        "start": { "line": 233, "column": 21 },
        "end": { "line": 233, "column": 30 }
      },
      "72": {
        "start": { "line": 235, "column": 28 },
        "end": { "line": 239, "column": 13 }
      },
      "73": {
        "start": { "line": 241, "column": 4 },
        "end": { "line": 249, "column": 5 }
      },
      "74": {
        "start": { "line": 242, "column": 6 },
        "end": { "line": 246, "column": 9 }
      },
      "75": {
        "start": { "line": 248, "column": 6 },
        "end": { "line": 248, "column": 13 }
      },
      "76": {
        "start": { "line": 251, "column": 4 },
        "end": { "line": 255, "column": 7 }
      },
      "77": {
        "start": { "line": 257, "column": 4 },
        "end": { "line": 260, "column": 7 }
      },
      "78": {
        "start": { "line": 231, "column": 13 },
        "end": { "line": 231, "column": 39 }
      },
      "79": {
        "start": { "line": 265, "column": 37 },
        "end": { "line": 296, "column": 1 }
      },
      "80": {
        "start": { "line": 266, "column": 2 },
        "end": { "line": 295, "column": 3 }
      },
      "81": {
        "start": { "line": 267, "column": 22 },
        "end": { "line": 267, "column": 43 }
      },
      "82": {
        "start": { "line": 268, "column": 28 },
        "end": { "line": 272, "column": 13 }
      },
      "83": {
        "start": { "line": 274, "column": 4 },
        "end": { "line": 283, "column": 5 }
      },
      "84": {
        "start": { "line": 275, "column": 6 },
        "end": { "line": 281, "column": 9 }
      },
      "85": {
        "start": { "line": 282, "column": 6 },
        "end": { "line": 282, "column": 13 }
      },
      "86": {
        "start": { "line": 285, "column": 4 },
        "end": { "line": 289, "column": 7 }
      },
      "87": {
        "start": { "line": 291, "column": 4 },
        "end": { "line": 294, "column": 7 }
      },
      "88": {
        "start": { "line": 265, "column": 13 },
        "end": { "line": 265, "column": 37 }
      },
      "89": {
        "start": { "line": 299, "column": 32 },
        "end": { "line": 330, "column": 1 }
      },
      "90": {
        "start": { "line": 300, "column": 2 },
        "end": { "line": 329, "column": 3 }
      },
      "91": {
        "start": { "line": 301, "column": 24 },
        "end": { "line": 301, "column": 45 }
      },
      "92": {
        "start": { "line": 302, "column": 28 },
        "end": { "line": 306, "column": 13 }
      },
      "93": {
        "start": { "line": 308, "column": 4 },
        "end": { "line": 317, "column": 5 }
      },
      "94": {
        "start": { "line": 309, "column": 6 },
        "end": { "line": 315, "column": 9 }
      },
      "95": {
        "start": { "line": 316, "column": 6 },
        "end": { "line": 316, "column": 13 }
      },
      "96": {
        "start": { "line": 319, "column": 4 },
        "end": { "line": 323, "column": 7 }
      },
      "97": {
        "start": { "line": 325, "column": 4 },
        "end": { "line": 328, "column": 7 }
      },
      "98": {
        "start": { "line": 333, "column": 38 },
        "end": { "line": 349, "column": 1 }
      },
      "99": {
        "start": { "line": 338, "column": 2 },
        "end": { "line": 348, "column": 3 }
      },
      "100": {
        "start": { "line": 339, "column": 23 },
        "end": { "line": 339, "column": 44 }
      },
      "101": {
        "start": { "line": 341, "column": 4 },
        "end": { "line": 345, "column": 5 }
      },
      "102": {
        "start": { "line": 342, "column": 6 },
        "end": { "line": 342, "column": 44 }
      },
      "103": {
        "start": { "line": 344, "column": 6 },
        "end": { "line": 344, "column": 46 }
      },
      "104": {
        "start": { "line": 347, "column": 4 },
        "end": { "line": 347, "column": 16 }
      },
      "105": {
        "start": { "line": 333, "column": 13 },
        "end": { "line": 333, "column": 38 }
      },
      "106": {
        "start": { "line": 352, "column": 37 },
        "end": { "line": 426, "column": 1 }
      },
      "107": {
        "start": { "line": 353, "column": 2 },
        "end": { "line": 425, "column": 3 }
      },
      "108": {
        "start": { "line": 366, "column": 8 },
        "end": { "line": 366, "column": 17 }
      },
      "109": {
        "start": { "line": 368, "column": 23 },
        "end": { "line": 368, "column": 25 }
      },
      "110": {
        "start": { "line": 370, "column": 4 },
        "end": { "line": 372, "column": 5 }
      },
      "111": {
        "start": { "line": 371, "column": 6 },
        "end": { "line": 371, "column": 61 }
      },
      "112": {
        "start": { "line": 374, "column": 4 },
        "end": { "line": 376, "column": 5 }
      },
      "113": {
        "start": { "line": 375, "column": 6 },
        "end": { "line": 375, "column": 61 }
      },
      "114": {
        "start": { "line": 378, "column": 4 },
        "end": { "line": 380, "column": 5 }
      },
      "115": {
        "start": { "line": 379, "column": 6 },
        "end": { "line": 379, "column": 36 }
      },
      "116": {
        "start": { "line": 382, "column": 4 },
        "end": { "line": 384, "column": 5 }
      },
      "117": {
        "start": { "line": 383, "column": 6 },
        "end": { "line": 383, "column": 30 }
      },
      "118": {
        "start": { "line": 386, "column": 4 },
        "end": { "line": 388, "column": 5 }
      },
      "119": {
        "start": { "line": 387, "column": 6 },
        "end": { "line": 387, "column": 55 }
      },
      "120": {
        "start": { "line": 390, "column": 4 },
        "end": { "line": 392, "column": 5 }
      },
      "121": {
        "start": { "line": 391, "column": 6 },
        "end": { "line": 391, "column": 46 }
      },
      "122": {
        "start": { "line": 394, "column": 4 },
        "end": { "line": 398, "column": 5 }
      },
      "123": {
        "start": { "line": 395, "column": 6 },
        "end": { "line": 395, "column": 35 }
      },
      "124": {
        "start": { "line": 396, "column": 6 },
        "end": { "line": 396, "column": 68 }
      },
      "125": {
        "start": { "line": 396, "column": 20 },
        "end": { "line": 396, "column": 68 }
      },
      "126": {
        "start": { "line": 397, "column": 6 },
        "end": { "line": 397, "column": 68 }
      },
      "127": {
        "start": { "line": 397, "column": 20 },
        "end": { "line": 397, "column": 68 }
      },
      "128": {
        "start": { "line": 400, "column": 4 },
        "end": { "line": 406, "column": 5 }
      },
      "129": {
        "start": { "line": 402, "column": 26 },
        "end": { "line": 402, "column": 53 }
      },
      "130": {
        "start": { "line": 403, "column": 6 },
        "end": { "line": 405, "column": 7 }
      },
      "131": {
        "start": { "line": 404, "column": 8 },
        "end": { "line": 404, "column": 47 }
      },
      "132": {
        "start": { "line": 408, "column": 45 },
        "end": { "line": 408, "column": 47 }
      },
      "133": {
        "start": { "line": 409, "column": 4 },
        "end": { "line": 411, "column": 5 }
      },
      "134": {
        "start": { "line": 410, "column": 6 },
        "end": { "line": 410, "column": 68 }
      },
      "135": {
        "start": { "line": 413, "column": 21 },
        "end": { "line": 413, "column": 69 }
      },
      "136": {
        "start": { "line": 415, "column": 4 },
        "end": { "line": 419, "column": 7 }
      },
      "137": {
        "start": { "line": 421, "column": 4 },
        "end": { "line": 424, "column": 7 }
      },
      "138": {
        "start": { "line": 352, "column": 13 },
        "end": { "line": 352, "column": 37 }
      },
      "139": {
        "start": { "line": 429, "column": 41 },
        "end": { "line": 472, "column": 1 }
      },
      "140": {
        "start": { "line": 433, "column": 2 },
        "end": { "line": 471, "column": 3 }
      },
      "141": {
        "start": { "line": 434, "column": 27 },
        "end": { "line": 434, "column": 36 }
      },
      "142": {
        "start": { "line": 435, "column": 17 },
        "end": { "line": 435, "column": 56 }
      },
      "143": {
        "start": { "line": 436, "column": 18 },
        "end": { "line": 436, "column": 59 }
      },
      "144": {
        "start": { "line": 437, "column": 17 },
        "end": { "line": 437, "column": 35 }
      },
      "145": {
        "start": { "line": 439, "column": 23 },
        "end": { "line": 439, "column": 72 }
      },
      "146": {
        "start": { "line": 441, "column": 28 },
        "end": { "line": 447, "column": 13 }
      },
      "147": {
        "start": { "line": 449, "column": 23 },
        "end": { "line": 449, "column": 52 }
      },
      "148": {
        "start": { "line": 451, "column": 4 },
        "end": { "line": 465, "column": 7 }
      },
      "149": {
        "start": { "line": 467, "column": 4 },
        "end": { "line": 470, "column": 7 }
      },
      "150": {
        "start": { "line": 429, "column": 13 },
        "end": { "line": 429, "column": 41 }
      },
      "151": {
        "start": { "line": 475, "column": 36 },
        "end": { "line": 559, "column": 1 }
      },
      "152": {
        "start": { "line": 476, "column": 2 },
        "end": { "line": 558, "column": 3 }
      },
      "153": {
        "start": { "line": 477, "column": 22 },
        "end": { "line": 477, "column": 35 }
      },
      "154": {
        "start": { "line": 478, "column": 64 },
        "end": { "line": 478, "column": 72 }
      },
      "155": {
        "start": { "line": 480, "column": 4 },
        "end": { "line": 490, "column": 5 }
      },
      "156": {
        "start": { "line": 481, "column": 6 },
        "end": { "line": 487, "column": 9 }
      },
      "157": {
        "start": { "line": 489, "column": 6 },
        "end": { "line": 489, "column": 13 }
      },
      "158": {
        "start": { "line": 492, "column": 28 },
        "end": { "line": 492, "column": 66 }
      },
      "159": {
        "start": { "line": 493, "column": 4 },
        "end": { "line": 502, "column": 5 }
      },
      "160": {
        "start": { "line": 494, "column": 6 },
        "end": { "line": 499, "column": 9 }
      },
      "161": {
        "start": { "line": 501, "column": 6 },
        "end": { "line": 501, "column": 13 }
      },
      "162": {
        "start": { "line": 504, "column": 41 },
        "end": { "line": 504, "column": 77 }
      },
      "163": {
        "start": { "line": 506, "column": 17 },
        "end": { "line": 506, "column": 68 }
      },
      "164": {
        "start": { "line": 508, "column": 22 },
        "end": { "line": 508, "column": 62 }
      },
      "165": {
        "start": { "line": 509, "column": 4 },
        "end": { "line": 519, "column": 5 }
      },
      "166": {
        "start": { "line": 510, "column": 6 },
        "end": { "line": 516, "column": 9 }
      },
      "167": {
        "start": { "line": 518, "column": 6 },
        "end": { "line": 518, "column": 13 }
      },
      "168": {
        "start": { "line": 520, "column": 24 },
        "end": { "line": 520, "column": 73 }
      },
      "169": {
        "start": { "line": 522, "column": 4 },
        "end": { "line": 526, "column": 5 }
      },
      "170": {
        "start": { "line": 523, "column": 6 },
        "end": { "line": 523, "column": 40 }
      },
      "171": {
        "start": { "line": 524, "column": 11 },
        "end": { "line": 526, "column": 5 }
      },
      "172": {
        "start": { "line": 525, "column": 6 },
        "end": { "line": 525, "column": 28 }
      },
      "173": {
        "start": { "line": 528, "column": 38 },
        "end": { "line": 538, "column": 6 }
      },
      "174": {
        "start": { "line": 540, "column": 25 },
        "end": { "line": 545, "column": null }
      },
      "175": {
        "start": { "line": 548, "column": 4 },
        "end": { "line": 552, "column": 7 }
      },
      "176": {
        "start": { "line": 554, "column": 4 },
        "end": { "line": 557, "column": 7 }
      },
      "177": {
        "start": { "line": 475, "column": 13 },
        "end": { "line": 475, "column": 36 }
      },
      "178": {
        "start": { "line": 562, "column": 43 },
        "end": { "line": 683, "column": 1 }
      },
      "179": {
        "start": { "line": 566, "column": 2 },
        "end": { "line": 682, "column": 3 }
      },
      "180": {
        "start": { "line": 567, "column": 30 },
        "end": { "line": 567, "column": 40 }
      },
      "181": {
        "start": { "line": 568, "column": 18 },
        "end": { "line": 568, "column": 26 }
      },
      "182": {
        "start": { "line": 570, "column": 28 },
        "end": { "line": 570, "column": 59 }
      },
      "183": {
        "start": { "line": 571, "column": 4 },
        "end": { "line": 581, "column": 5 }
      },
      "184": {
        "start": { "line": 572, "column": 6 },
        "end": { "line": 578, "column": 9 }
      },
      "185": {
        "start": { "line": 580, "column": 6 },
        "end": { "line": 580, "column": 13 }
      },
      "186": {
        "start": { "line": 583, "column": 28 },
        "end": { "line": 584, "column": null }
      },
      "187": {
        "start": { "line": 584, "column": 19 },
        "end": { "line": 584, "column": 52 }
      },
      "188": {
        "start": { "line": 587, "column": 4 },
        "end": { "line": 597, "column": 5 }
      },
      "189": {
        "start": { "line": 588, "column": 6 },
        "end": { "line": 594, "column": 9 }
      },
      "190": {
        "start": { "line": 596, "column": 6 },
        "end": { "line": 596, "column": 13 }
      },
      "191": {
        "start": { "line": 599, "column": 4 },
        "end": { "line": 619, "column": 5 }
      },
      "192": {
        "start": { "line": 600, "column": 6 },
        "end": { "line": 602, "column": 8 }
      },
      "193": {
        "start": { "line": 603, "column": 11 },
        "end": { "line": 619, "column": 5 }
      },
      "194": {
        "start": { "line": 604, "column": 6 },
        "end": { "line": 609, "column": 8 }
      },
      "195": {
        "start": { "line": 610, "column": 11 },
        "end": { "line": 619, "column": 5 }
      },
      "196": {
        "start": { "line": 611, "column": 6 },
        "end": { "line": 616, "column": 8 }
      },
      "197": {
        "start": { "line": 618, "column": 6 },
        "end": { "line": 618, "column": 60 }
      },
      "198": {
        "start": { "line": 621, "column": 4 },
        "end": { "line": 625, "column": 5 }
      },
      "199": {
        "start": { "line": 622, "column": 6 },
        "end": { "line": 622, "column": 48 }
      },
      "200": {
        "start": { "line": 623, "column": 11 },
        "end": { "line": 625, "column": 5 }
      },
      "201": {
        "start": { "line": 624, "column": 6 },
        "end": { "line": 624, "column": 36 }
      },
      "202": {
        "start": { "line": 626, "column": 31 },
        "end": { "line": 626, "column": 33 }
      },
      "203": {
        "start": { "line": 627, "column": 4 },
        "end": { "line": 642, "column": 5 }
      },
      "204": {
        "start": { "line": 628, "column": 6 },
        "end": { "line": 641, "column": 7 }
      },
      "205": {
        "start": { "line": 629, "column": 27 },
[...]
        "start": { "line": 34, "column": 2 },
        "end": { "line": 34, "column": 40 }
      },
      "13": {
        "start": { "line": 18, "column": 13 },
        "end": { "line": 18, "column": 28 }
      }
    },
    "fnMap": {
      "0": {
        "name": "(anonymous_1)",
        "decl": {
          "start": { "line": 4, "column": 30 },
          "end": { "line": 4, "column": null }
        },
        "loc": {
          "start": { "line": 9, "column": 4 },
          "end": { "line": 16, "column": 1 }
        }
      },
      "1": {
        "name": "(anonymous_2)",
        "decl": {
          "start": { "line": 18, "column": 28 },
          "end": { "line": 18, "column": null }
        },
        "loc": {
          "start": { "line": 23, "column": 4 },
          "end": { "line": 35, "column": 1 }
        }
      }
    },
    "branchMap": {
      "0": {
        "loc": {
          "start": { "line": 10, "column": 2 },
          "end": { "line": 14, "column": 3 }
        },
        "type": "if",
        "locations": [
          {
            "start": { "line": 10, "column": 2 },
            "end": { "line": 14, "column": 3 }
          }
        ]
      },
      "1": {
        "loc": {
          "start": { "line": 11, "column": 23 },
          "end": { "line": 11, "column": 44 }
        },
        "type": "binary-expr",
        "locations": [
          {
            "start": { "line": 11, "column": 23 },
            "end": { "line": 11, "column": 37 }
          },
          {
            "start": { "line": 11, "column": 41 },
            "end": { "line": 11, "column": 44 }
          }
        ]
      },
      "2": {
        "loc": {
          "start": { "line": 12, "column": 20 },
          "end": { "line": 12, "column": 58 }
        },
        "type": "binary-expr",
        "locations": [
          {
            "start": { "line": 12, "column": 20 },
            "end": { "line": 12, "column": 31 }
          },
          {
            "start": { "line": 12, "column": 35 },
            "end": { "line": 12, "column": 58 }
          }
        ]
      },
      "3": {
        "loc": {
          "start": { "line": 31, "column": 8 },
          "end": { "line": 31, "column": 70 }
        },
        "type": "binary-expr",
        "locations": [
          {
            "start": { "line": 31, "column": 8 },
            "end": { "line": 31, "column": 46 }
          },
          {
            "start": { "line": 31, "column": 50 },
            "end": { "line": 31, "column": 70 }
          }
        ]
      }
    },
    "s": {
      "0": 1,
      "1": 1,
      "2": 0,
      "3": 0,
      "4": 0,
      "5": 0,
      "6": 0,
      "7": 1,
      "8": 1,
      "9": 0,
      "10": 0,
      "11": 0,
      "12": 0,
      "13": 1
    },
    "f": { "0": 0, "1": 0 },
    "b": { "0": [0], "1": [0, 0], "2": [0, 0], "3": [0, 0] }
  },
  "/home/chann-yeng/my-web-project/Electronic Shop Folder/electronic-shop-api/src/utils/jwt.ts": {
    "path": "/home/chann-yeng/my-web-project/Electronic Shop Folder/electronic-shop-api/src/utils/jwt.ts",
    "statementMap": {
      "0": {
        "start": { "line": 2, "column": 0 },
        "end": { "line": 2, "column": 48 }
      },
      "1": {
        "start": { "line": 4, "column": 28 },
        "end": { "line": 4, "column": 59 }
      },
      "2": {
        "start": { "line": 5, "column": 26 },
        "end": { "line": 5, "column": 55 }
      },
      "3": {
        "start": { "line": 6, "column": 29 },
        "end": { "line": 6, "column": 61 }
      },
      "4": {
        "start": { "line": 7, "column": 27 },
        "end": { "line": 7, "column": 57 }
      },
      "5": {
        "start": { "line": 9, "column": 0 },
        "end": { "line": 11, "column": 1 }
      },
      "6": {
        "start": { "line": 10, "column": 2 },
        "end": { "line": 10, "column": 57 }
      },
      "7": {
        "start": { "line": 12, "column": 0 },
        "end": { "line": 14, "column": 1 }
      },
      "8": {
        "start": { "line": 13, "column": 2 },
        "end": { "line": 13, "column": 58 }
      },
      "9": {
        "start": { "line": 16, "column": 35 },
        "end": { "line": 22, "column": 1 }
      },
      "10": {
        "start": { "line": 17, "column": 31 },
        "end": { "line": 19, "column": 4 }
      },
      "11": {
        "start": { "line": 21, "column": 2 },
        "end": { "line": 21, "column": 57 }
      },
      "12": {
        "start": { "line": 16, "column": 13 },
        "end": { "line": 16, "column": 35 }
      },
      "13": {
        "start": { "line": 24, "column": 36 },
        "end": { "line": 30, "column": 1 }
      },
      "14": {
        "start": { "line": 25, "column": 31 },
        "end": { "line": 27, "column": 4 }
      },
      "15": {
        "start": { "line": 29, "column": 2 },
        "end": { "line": 29, "column": 58 }
      },
      "16": {
        "start": { "line": 24, "column": 13 },
        "end": { "line": 24, "column": 36 }
      }
    },
    "fnMap": {
      "0": {
        "name": "(anonymous_1)",
        "decl": {
          "start": { "line": 16, "column": 35 },
          "end": { "line": 16, "column": 36 }
        },
        "loc": {
          "start": { "line": 16, "column": 69 },
          "end": { "line": 22, "column": 1 }
        }
      },
      "1": {
        "name": "(anonymous_2)",
        "decl": {
          "start": { "line": 24, "column": 36 },
          "end": { "line": 24, "column": 37 }
        },
        "loc": {
          "start": { "line": 24, "column": 62 },
          "end": { "line": 30, "column": 1 }
        }
      }
    },
    "branchMap": {
      "0": {
        "loc": {
          "start": { "line": 9, "column": 0 },
          "end": { "line": 11, "column": 1 }
        },
        "type": "if",
        "locations": [
          {
            "start": { "line": 9, "column": 0 },
            "end": { "line": 11, "column": 1 }
          }
        ]
      },
      "1": {
        "loc": {
          "start": { "line": 12, "column": 0 },
          "end": { "line": 14, "column": 1 }
        },
        "type": "if",
        "locations": [
          {
            "start": { "line": 12, "column": 0 },
            "end": { "line": 14, "column": 1 }
          }
        ]
      }
    },
    "s": {
      "0": 1,
      "1": 1,
      "2": 1,
      "3": 1,
      "4": 1,
      "5": 1,
      "6": 0,
      "7": 1,
      "8": 0,
      "9": 1,
      "10": 0,
      "11": 0,
      "12": 1,
      "13": 1,
      "14": 0,
      "15": 0,
      "16": 1
    },
    "f": { "0": 0, "1": 0 },
    "b": { "0": [0], "1": [0] }
  },
  "/home/chann-yeng/my-web-project/Electronic Shop Folder/electronic-shop-api/src/utils/removeUserAvatar.util.ts": {
    "path": "/home/chann-yeng/my-web-project/Electronic Shop Folder/electronic-shop-api/src/utils/removeUserAvatar.util.ts",
    "statementMap": {
      "0": {
        "start": { "line": 1, "column": 0 },
        "end": { "line": 1, "column": 24 }
      },
      "1": {
        "start": { "line": 2, "column": 0 },
        "end": { "line": 2, "column": 20 }
      },
      "2": {
        "start": { "line": 4, "column": 27 },
        "end": { "line": 4, "column": 65 }
      },
      "3": {
        "start": { "line": 6, "column": 32 },
        "end": { "line": 24, "column": 1 }
      },
      "4": {
        "start": { "line": 7, "column": 23 },
        "end": { "line": 7, "column": 53 }
      },
      "5": {
        "start": { "line": 8, "column": 23 },
        "end": { "line": 15, "column": null }
      },
      "6": {
        "start": { "line": 18, "column": 2 },
        "end": { "line": 23, "column": 3 }
      },
      "7": {
        "start": { "line": 19, "column": 4 },
        "end": { "line": 19, "column": 32 }
      },
      "8": {
        "start": { "line": 20, "column": 4 },
        "end": { "line": 20, "column": 72 }
      },
      "9": {
        "start": { "line": 21, "column": 9 },
        "end": { "line": 23, "column": 3 }
      },
      "10": {
        "start": { "line": 22, "column": 4 },
        "end": { "line": 22, "column": 71 }
      },
      "11": {
        "start": { "line": 6, "column": 13 },
        "end": { "line": 6, "column": 32 }
      }
    },
    "fnMap": {
      "0": {
        "name": "(anonymous_1)",
        "decl": {
          "start": { "line": 6, "column": 32 },
          "end": { "line": 6, "column": 33 }
        },
        "loc": {
          "start": { "line": 6, "column": 64 },
          "end": { "line": 24, "column": 1 }
        }
      }
    },
    "branchMap": {
      "0": {
        "loc": {
          "start": { "line": 15, "column": 4 },
          "end": { "line": 15, "column": 22 }
        },
        "type": "binary-expr",
        "locations": [
          {
            "start": { "line": 15, "column": 4 },
            "end": { "line": 15, "column": 16 }
          },
          {
            "start": { "line": 15, "column": 20 },
            "end": { "line": 15, "column": 22 }
          }
        ]
      },
      "1": {
        "loc": {
          "start": { "line": 18, "column": 2 },
          "end": { "line": 23, "column": 3 }
        },
        "type": "if",
        "locations": [
          {
            "start": { "line": 18, "column": 2 },
            "end": { "line": 23, "column": 3 }
          },
          {
            "start": { "line": 21, "column": 9 },
            "end": { "line": 23, "column": 3 }
          }
        ]
      },
      "2": {
        "loc": {
          "start": { "line": 18, "column": 6 },
          "end": { "line": 18, "column": 49 }
        },
        "type": "binary-expr",
        "locations": [
          {
            "start": { "line": 18, "column": 6 },
            "end": { "line": 18, "column": 18 }
          },
          {
            "start": { "line": 18, "column": 22 },
            "end": { "line": 18, "column": 49 }
          }
        ]
      },
      "3": {
        "loc": {
          "start": { "line": 21, "column": 9 },
          "end": { "line": 23, "column": 3 }
        },
        "type": "if",
        "locations": [
          {
            "start": { "line": 21, "column": 9 },
            "end": { "line": 23, "column": 3 }
          }
        ]
      }
    },
    "s": {
      "0": 1,
      "1": 1,
      "2": 1,
      "3": 1,
      "4": 0,
      "5": 0,
      "6": 0,
      "7": 0,
      "8": 0,
      "9": 0,
      "10": 0,
      "11": 1
    },
    "f": { "0": 0 },
    "b": { "0": [0, 0], "1": [0, 0], "2": [0, 0], "3": [0] }
  },
  "/home/chann-yeng/my-web-project/Electronic Shop Folder/electronic-shop-api/src/utils/router500Error.ts": {
    "path": "/home/chann-yeng/my-web-project/Electronic Shop Folder/electronic-shop-api/src/utils/router500Error.ts",
    "statementMap": {
      "0": {
        "start": { "line": 5, "column": 31 },
        "end": { "line": 22, "column": 1 }
      },
      "1": {
        "start": { "line": 10, "column": 21 },
        "end": { "line": 10, "column": 46 }
      },
      "2": {
        "start": { "line": 12, "column": 4 },
        "end": { "line": 12, "column": 68 }
      },
      "3": {
        "start": { "line": 14, "column": 2 },
        "end": { "line": 21, "column": 5 }
      },
      "4": {
        "start": { "line": 5, "column": 13 },
        "end": { "line": 5, "column": 31 }
      }
    },
    "fnMap": {
      "0": {
        "name": "(anonymous_0)",
        "decl": {
          "start": { "line": 5, "column": 31 },
          "end": { "line": 5, "column": null }
        },
        "loc": {
          "start": { "line": 9, "column": 4 },
          "end": { "line": 22, "column": 1 }
        }
      }
    },
    "branchMap": {
      "0": {
        "loc": {
          "start": { "line": 8, "column": 2 },
          "end": { "line": 8, "column": 36 }
        },
        "type": "default-arg",
        "locations": [
          {
            "start": { "line": 8, "column": 34 },
            "end": { "line": 8, "column": 36 }
          }
        ]
      },
      "1": {
        "loc": {
          "start": { "line": 10, "column": 21 },
          "end": { "line": 10, "column": 46 }
        },
        "type": "binary-expr",
        "locations": [
          {
            "start": { "line": 10, "column": 21 },
            "end": { "line": 10, "column": 39 }
          },
          {
            "start": { "line": 10, "column": 43 },
            "end": { "line": 10, "column": 46 }
          }
        ]
      },
      "2": {
        "loc": {
          "start": { "line": 12, "column": 4 },
          "end": { "line": 12, "column": 68 }
        },
        "type": "cond-expr",
        "locations": [
          {
            "start": { "line": 12, "column": 29 },
            "end": { "line": 12, "column": 42 }
          },
          {
            "start": { "line": 12, "column": 45 },
            "end": { "line": 12, "column": 68 }
          }
        ]
      },
      "3": {
        "loc": {
          "start": { "line": 15, "column": 11 },
          "end": { "line": 15, "column": 59 }
        },
        "type": "cond-expr",
        "locations": [
          {
            "start": { "line": 15, "column": 35 },
            "end": { "line": 15, "column": 47 }
          },
          {
            "start": { "line": 15, "column": 50 },
            "end": { "line": 15, "column": 59 }
          }
        ]
      },
      "4": {
        "loc": {
          "start": { "line": 16, "column": 13 },
          "end": { "line": 16, "column": 76 }
        },
        "type": "cond-expr",
        "locations": [
          {
            "start": { "line": 16, "column": 34 },
            "end": { "line": 16, "column": 57 }
          },
          {
            "start": { "line": 16, "column": 60 },
            "end": { "line": 16, "column": 76 }
          }
        ]
      },
      "5": {
        "loc": {
          "start": { "line": 18, "column": 8 },
          "end": { "line": 20, "column": 6 }
        },
        "type": "binary-expr",
        "locations": [
          {
            "start": { "line": 18, "column": 8 },
            "end": { "line": 18, "column": 46 }
          },
          {
            "start": { "line": 18, "column": 50 },
            "end": { "line": 20, "column": 6 }
          }
        ]
      },
      "6": {
        "loc": {
          "start": { "line": 19, "column": 13 },
          "end": { "line": 19, "column": 61 }
        },
        "type": "cond-expr",
        "locations": [
          {
            "start": { "line": 19, "column": 38 },
            "end": { "line": 19, "column": 49 }
          },
          {
            "start": { "line": 19, "column": 52 },
            "end": { "line": 19, "column": 61 }
          }
        ]
      }
    },
    "s": { "0": 1, "1": 0, "2": 0, "3": 0, "4": 1 },
    "f": { "0": 0 },
    "b": {
      "0": [0],
      "1": [0, 0],
      "2": [0, 0],
      "3": [0, 0],
      "4": [0, 0],
      "5": [0, 0],
      "6": [0, 0]
    }
  },
  "/home/chann-yeng/my-web-project/Electronic Shop Folder/electronic-shop-api/src/utils/seoGenerator.ts": {
    "path": "/home/chann-yeng/my-web-project/Electronic Shop Folder/electronic-shop-api/src/utils/seoGenerator.ts",
    "statementMap": {
      "0": {
        "start": { "line": 1, "column": 33 },
        "end": { "line": 9, "column": 1 }
      },
      "1": {
        "start": { "line": 2, "column": 19 },
        "end": { "line": 4, "column": 21 }
      },
      "2": {
        "start": { "line": 5, "column": 19 },
        "end": { "line": 5, "column": 51 }
      },
      "3": {
        "start": { "line": 6, "column": 19 },
        "end": { "line": 6, "column": 74 }
      },
      "4": {
        "start": { "line": 7, "column": 25 },
        "end": { "line": 7, "column": 67 }
      },
      "5": {
        "start": { "line": 8, "column": 2 },
        "end": { "line": 8, "column": 38 }
      },
      "6": {
        "start": { "line": 1, "column": 13 },
        "end": { "line": 1, "column": 33 }
      }
    },
    "fnMap": {
      "0": {
        "name": "(anonymous_0)",
        "decl": {
          "start": { "line": 1, "column": 33 },
          "end": { "line": 1, "column": 34 }
        },
        "loc": {
          "start": { "line": 1, "column": 71 },
          "end": { "line": 9, "column": 1 }
        }
      }
    },
    "branchMap": {
      "0": {
        "loc": {
          "start": { "line": 3, "column": 4 },
          "end": { "line": 3, "column": null }
        },
        "type": "binary-expr",
        "locations": [
          {
            "start": { "line": 3, "column": 4 },
            "end": { "line": 3, "column": 25 }
          },
          {
            "start": { "line": 3, "column": 29 },
            "end": { "line": 3, "column": null }
          }
        ]
      },
      "1": {
        "loc": {
          "start": { "line": 6, "column": 19 },
          "end": { "line": 6, "column": 74 }
        },
        "type": "cond-expr",
        "locations": [
          {
            "start": { "line": 6, "column": 33 },
            "end": { "line": 6, "column": 69 }
          },
          {
            "start": { "line": 6, "column": 72 },
            "end": { "line": 6, "column": 74 }
          }
        ]
      }
    },
    "s": { "0": 1, "1": 0, "2": 0, "3": 0, "4": 0, "5": 0, "6": 1 },
    "f": { "0": 0 },
    "b": { "0": [0, 0], "1": [0, 0] }
  },
  "/home/chann-yeng/my-web-project/Electronic Shop Folder/electronic-shop-api/src/utils/singleFileStorage.ts": {
    "path": "/home/chann-yeng/my-web-project/Electronic Shop Folder/electronic-shop-api/src/utils/singleFileStorage.ts",
    "statementMap": {
      "0": {
        "start": { "line": 1, "column": 0 },
        "end": { "line": 1, "column": 28 }
      },
      "1": {
        "start": { "line": 2, "column": 0 },
        "end": { "line": 2, "column": 54 }
      },
      "2": {
        "start": { "line": 3, "column": 0 },
        "end": { "line": 3, "column": 24 }
      },
      "3": {
        "start": { "line": 7, "column": 30 },
        "end": { "line": 20, "column": 1 }
      },
      "4": {
        "start": { "line": 8, "column": 18 },
        "end": { "line": 17, "column": 4 }
      },
      "5": {
        "start": { "line": 10, "column": 6 },
        "end": { "line": 10, "column": 38 }
      },
      "6": {
        "start": { "line": 13, "column": 27 },
        "end": { "line": 13, "column": 77 }
      },
      "7": {
        "start": { "line": 14, "column": 18 },
        "end": { "line": 14, "column": 49 }
      },
      "8": {
        "start": { "line": 15, "column": 6 },
        "end": { "line": 15, "column": 50 }
      },
      "9": {
        "start": { "line": 19, "column": 2 },
        "end": { "line": 19, "column": 29 }
      },
      "10": {
        "start": { "line": 7, "column": 13 },
        "end": { "line": 7, "column": 30 }
      }
    },
    "fnMap": {
      "0": {
        "name": "(anonymous_1)",
        "decl": {
          "start": { "line": 7, "column": 30 },
          "end": { "line": 7, "column": 31 }
        },
        "loc": {
          "start": { "line": 7, "column": 56 },
          "end": { "line": 20, "column": 1 }
        }
      },
      "1": {
        "name": "(anonymous_2)",
        "decl": {
          "start": { "line": 9, "column": 17 },
          "end": { "line": 9, "column": 18 }
        },
        "loc": {
          "start": { "line": 9, "column": 35 },
          "end": { "line": 11, "column": 5 }
        }
      },
      "2": {
        "name": "(anonymous_3)",
        "decl": {
          "start": { "line": 12, "column": 14 },
          "end": { "line": 12, "column": 15 }
        },
        "loc": {
          "start": { "line": 12, "column": 32 },
          "end": { "line": 16, "column": 5 }
        }
      }
    },
    "branchMap": {},
    "s": {
      "0": 1,
      "1": 1,
      "2": 1,
      "3": 1,
      "4": 4,
      "5": 0,
      "6": 0,
      "7": 0,
      "8": 0,
      "9": 4,
      "10": 1
    },
    "f": { "0": 4, "1": 0, "2": 0 },
    "b": {}
  }
}
