TN:
SF:src/app.ts
FN:57,(anonymous_1)
FN:66,(anonymous_2)
FNF:2
FNH:1
FNDA:1,(anonymous_1)
FNDA:0,(anonymous_2)
DA:1,1
DA:2,1
DA:3,1
DA:4,1
DA:5,1
DA:6,1
DA:7,1
DA:8,1
DA:9,1
DA:10,1
DA:11,1
DA:12,1
DA:13,1
DA:14,1
DA:15,1
DA:17,1
DA:20,1
DA:23,1
DA:26,1
DA:29,1
DA:36,1
DA:38,1
DA:41,1
DA:44,1
DA:45,1
DA:48,1
DA:51,1
DA:54,1
DA:57,1
DA:58,1
DA:66,1
DA:67,0
DA:71,1
DA:74,1
DA:76,1
LF:35
LH:34
BRDA:31,0,0,1
BRDA:31,0,1,0
BRF:2
BRH:1
end_of_record
TN:
SF:src/config/env.ts
FN:11,(anonymous_1)
FN:13,(anonymous_2)
FN:21,(anonymous_3)
FNF:3
FNH:3
FNDA:1,(anonymous_1)
FNDA:3,(anonymous_2)
FNDA:1,(anonymous_3)
DA:2,1
DA:3,1
DA:6,1
DA:11,1
DA:12,1
DA:13,1
DA:14,3
DA:15,0
DA:21,1
DA:22,1
DA:24,1
DA:33,1
DA:34,1
LF:13
LH:12
BRDA:14,0,0,0
BRDA:25,1,0,1
BRDA:25,1,1,0
BRDA:28,2,0,1
BRDA:28,2,1,0
BRF:5
BRH:2
end_of_record
TN:
SF:src/config/fileStorage.ts
FN:5,(anonymous_1)
FNF:1
FNH:0
FNDA:0,(anonymous_1)
DA:1,1
DA:5,1
DA:6,0
LF:3
LH:2
BRF:0
BRH:0
end_of_record
TN:
SF:src/config/ratingLimit.ts
FN:6,(anonymous_1)
FNF:1
FNH:1
FNDA:1,(anonymous_1)
DA:1,1
DA:2,1
DA:6,1
DA:7,1
DA:11,1
DA:12,0
DA:15,1
LF:7
LH:6
BRDA:7,0,0,1
BRDA:7,0,1,0
BRDA:11,1,0,0
BRF:3
BRH:1
end_of_record
TN:
SF:src/config/swagger.ts
FNF:0
FNH:0
DA:1,1
DA:3,1
LF:2
LH:2
BRF:0
BRH:0
end_of_record
TN:
SF:src/controllers/auth.controller.ts
FN:18,(anonymous_1)
FN:137,(anonymous_2)
FN:209,(anonymous_3)
FNF:3
FNH:0
FNDA:0,(anonymous_1)
FNDA:0,(anonymous_2)
FNDA:0,(anonymous_3)
DA:1,1
DA:2,1
DA:4,1
DA:5,1
DA:6,1
DA:7,1
DA:8,1
DA:9,1
DA:11,1
DA:12,1
DA:13,1
DA:15,1
DA:18,1
DA:19,0
DA:20,0
DA:22,0
DA:25,0
DA:26,0
DA:29,0
DA:31,0
DA:32,0
DA:35,0
DA:36,0
DA:39,0
DA:40,0
DA:43,0
DA:44,0
DA:52,0
DA:55,0
DA:56,0
DA:57,0
DA:63,0
DA:65,0
DA:66,0
DA:69,0
DA:70,0
DA:73,0
DA:74,0
DA:76,0
DA:77,0
DA:84,0
DA:89,0
DA:92,0
DA:102,0
DA:108,0
DA:109,0
DA:111,0
DA:129,0
DA:137,1
DA:138,0
DA:139,0
DA:141,0
DA:142,0
DA:155,0
DA:158,0
DA:162,0
DA:163,0
DA:171,0
DA:174,0
DA:179,0
DA:180,0
DA:182,0
DA:184,0
DA:201,0
DA:209,1
DA:213,0
DA:215,0
DA:216,0
DA:223,0
DA:225,0
DA:226,0
DA:231,0
DA:237,0
DA:239,0
DA:246,0
LF:75
LH:15
BRDA:25,0,0,0
BRDA:25,1,0,0
BRDA:25,1,1,0
BRDA:25,1,2,0
BRDA:31,2,0,0
BRDA:31,3,0,0
BRDA:31,3,1,0
BRDA:35,4,0,0
BRDA:35,5,0,0
BRDA:35,5,1,0
BRDA:39,6,0,0
BRDA:39,7,0,0
BRDA:39,7,1,0
BRDA:43,8,0,0
BRDA:56,9,0,0
BRDA:65,10,0,0
BRDA:69,11,0,0
BRDA:73,12,0,0
BRDA:76,13,0,0
BRDA:99,14,0,0
BRDA:99,14,1,0
BRDA:141,15,0,0
BRDA:141,16,0,0
BRDA:141,16,1,0
BRDA:141,16,2,0
BRDA:148,17,0,0
BRDA:148,17,1,0
BRDA:148,18,0,0
BRDA:148,18,1,0
BRDA:151,19,0,0
BRDA:151,19,1,0
BRDA:162,20,0,0
BRDA:162,21,0,0
BRDA:162,21,1,0
BRDA:215,22,0,0
BRF:35
BRH:0
end_of_record
TN:
SF:src/controllers/category.controller.ts
FN:10,(anonymous_1)
FN:81,(anonymous_2)
FN:103,(anonymous_3)
FN:133,(anonymous_4)
FN:163,(anonymous_5)
FN:211,(anonymous_6)
FN:255,(anonymous_7)
FN:273,(anonymous_8)
FN:303,(anonymous_9)
FNF:9
FNH:0
FNDA:0,(anonymous_1)
FNDA:0,(anonymous_2)
FNDA:0,(anonymous_3)
FNDA:0,(anonymous_4)
FNDA:0,(anonymous_5)
FNDA:0,(anonymous_6)
FNDA:0,(anonymous_7)
FNDA:0,(anonymous_8)
FNDA:0,(anonymous_9)
DA:1,1
DA:2,1
DA:4,1
DA:5,1
DA:6,1
DA:8,1
DA:10,1
DA:14,0
DA:15,0
DA:18,0
DA:19,0
DA:26,0
DA:30,0
DA:37,0
DA:43,0
DA:44,0
DA:45,0
DA:52,0
DA:55,0
DA:63,0
DA:66,0
DA:73,0
DA:81,1
DA:85,0
DA:86,0
DA:88,0
DA:95,0
DA:103,1
DA:107,0
DA:108,0
DA:111,0
DA:112,0
DA:119,0
DA:125,0
DA:133,1
DA:137,0
DA:138,0
DA:139,0
DA:140,0
DA:149,0
DA:155,0
DA:163,1
DA:167,0
DA:168,0
DA:170,0
DA:171,0
DA:178,0
DA:181,0
DA:183,0
DA:185,0
DA:186,0
DA:194,0
DA:197,0
DA:203,0
DA:211,1
DA:215,0
DA:216,0
DA:217,0
DA:218,0
DA:226,0
DA:229,0
DA:230,0
DA:231,0
DA:240,0
DA:247,0
DA:255,1
DA:260,0
DA:261,0
DA:262,0
DA:263,0
DA:265,0
DA:268,0
DA:273,1
DA:277,0
DA:278,0
DA:279,0
DA:280,0
DA:281,0
DA:290,0
DA:296,0
DA:303,1
DA:307,0
DA:308,0
DA:309,0
DA:311,0
DA:321,0
DA:327,0
DA:328,0
DA:336,0
DA:339,0
DA:345,0
LF:91
LH:15
BRDA:15,0,0,0
BRDA:18,1,0,0
BRDA:44,2,0,0
BRDA:111,3,0,0
BRDA:139,4,0,0
BRDA:170,5,0,0
BRDA:170,6,0,0
BRDA:170,6,1,0
BRDA:185,7,0,0
BRDA:217,8,0,0
BRDA:217,9,0,0
BRDA:217,9,1,0
BRDA:230,10,0,0
BRDA:262,11,0,0
BRDA:262,11,1,0
BRDA:280,12,0,0
BRDA:327,13,0,0
BRF:17
BRH:0
end_of_record
TN:
SF:src/controllers/product.controller.ts
FN:25,(anonymous_1)
FN:123,(anonymous_2)
FN:129,(anonymous_3)
FN:181,(anonymous_4)
FN:231,(anonymous_5)
FN:265,(anonymous_6)
FN:299,(anonymous_7)
FN:333,(anonymous_8)
FN:352,(anonymous_9)
FN:429,(anonymous_10)
FN:475,(anonymous_11)
FN:562,(anonymous_12)
FN:584,(anonymous_13)
FN:632,(anonymous_14)
FN:638,(anonymous_15)
FN:653,(anonymous_16)
FN:686,(anonymous_17)
FN:713,(anonymous_18)
FN:734,(anonymous_19)
FN:740,(anonymous_20)
FN:765,(anonymous_21)
FN:797,(anonymous_22)
FN:860,(anonymous_23)
FN:891,(anonymous_24)
FN:944,(anonymous_25)
FNF:25
FNH:0
FNDA:0,(anonymous_1)
FNDA:0,(anonymous_2)
FNDA:0,(anonymous_3)
FNDA:0,(anonymous_4)
FNDA:0,(anonymous_5)
FNDA:0,(anonymous_6)
FNDA:0,(anonymous_7)
FNDA:0,(anonymous_8)
FNDA:0,(anonymous_9)
FNDA:0,(anonymous_10)
FNDA:0,(anonymous_11)
FNDA:0,(anonymous_12)
FNDA:0,(anonymous_13)
FNDA:0,(anonymous_14)
FNDA:0,(anonymous_15)
FNDA:0,(anonymous_16)
FNDA:0,(anonymous_17)
FNDA:0,(anonymous_18)
FNDA:0,(anonymous_19)
FNDA:0,(anonymous_20)
FNDA:0,(anonymous_21)
FNDA:0,(anonymous_22)
FNDA:0,(anonymous_23)
FNDA:0,(anonymous_24)
FNDA:0,(anonymous_25)
DA:1,1
DA:3,1
DA:4,1
DA:5,1
DA:11,1
DA:12,1
DA:13,1
DA:14,1
DA:15,1
DA:17,1
DA:18,1
DA:19,1
DA:20,1
DA:22,1
DA:25,1
DA:29,0
DA:45,0
DA:47,0
DA:48,0
DA:49,0
DA:57,0
DA:60,0
DA:64,0
DA:72,0
DA:74,0
DA:75,0
DA:83,0
DA:86,0
DA:87,0
DA:88,0
DA:97,0
DA:99,0
DA:100,0
DA:102,0
DA:104,0
DA:105,0
DA:106,0
DA:107,0
DA:110,0
DA:111,0
DA:112,0
DA:113,0
DA:116,0
DA:118,0
DA:119,0
DA:120,0
DA:122,0
DA:124,0
DA:128,0
DA:130,0
DA:135,0
DA:151,0
DA:164,0
DA:166,0
DA:173,0
DA:181,1
DA:182,0
DA:183,0
DA:184,0
DA:185,0
DA:187,0
DA:189,0
DA:197,0
DA:199,0
DA:200,0
DA:207,0
DA:223,0
DA:231,1
DA:232,0
DA:233,0
DA:235,0
DA:241,0
DA:242,0
DA:248,0
DA:251,0
DA:257,0
DA:265,1
DA:266,0
DA:267,0
DA:268,0
DA:274,0
DA:275,0
DA:282,0
DA:285,0
DA:291,0
DA:299,1
DA:300,0
DA:301,0
DA:302,0
DA:308,0
DA:309,0
DA:316,0
DA:319,0
DA:325,0
DA:333,1
DA:338,0
DA:339,0
DA:341,0
DA:342,0
DA:344,0
DA:347,0
DA:352,1
DA:353,0
DA:366,0
DA:368,0
DA:370,0
DA:371,0
DA:374,0
DA:375,0
DA:378,0
DA:379,0
DA:382,0
DA:383,0
DA:386,0
DA:387,0
DA:390,0
DA:391,0
DA:394,0
DA:395,0
DA:396,0
DA:397,0
DA:400,0
DA:402,0
DA:403,0
DA:404,0
DA:408,0
DA:409,0
DA:410,0
DA:413,0
DA:415,0
DA:421,0
DA:429,1
DA:433,0
DA:434,0
DA:435,0
DA:436,0
DA:437,0
DA:439,0
DA:441,0
DA:449,0
DA:451,0
DA:467,0
DA:475,1
DA:476,0
DA:477,0
DA:478,0
DA:480,0
DA:481,0
DA:489,0
DA:492,0
DA:493,0
DA:494,0
DA:501,0
DA:504,0
DA:506,0
DA:508,0
DA:509,0
DA:510,0
DA:518,0
DA:520,0
DA:522,0
DA:523,0
DA:524,0
DA:525,0
DA:528,0
DA:540,0
DA:548,0
DA:554,0
DA:562,1
DA:566,0
DA:567,0
DA:568,0
DA:570,0
DA:571,0
DA:572,0
DA:580,0
DA:583,0
DA:584,0
DA:587,0
DA:588,0
DA:596,0
DA:599,0
DA:600,0
DA:603,0
DA:604,0
DA:610,0
DA:611,0
DA:618,0
DA:621,0
DA:622,0
DA:623,0
DA:624,0
DA:626,0
DA:627,0
DA:628,0
DA:629,0
DA:631,0
DA:633,0
DA:637,0
DA:639,0
DA:644,0
DA:646,0
DA:653,0
DA:661,0
DA:662,0
DA:669,0
DA:672,0
DA:678,0
DA:686,1
DA:687,0
DA:688,0
DA:690,0
DA:691,0
DA:699,0
DA:702,0
DA:703,0
DA:704,0
DA:712,0
DA:713,0
DA:716,0
DA:717,0
DA:725,0
DA:728,0
DA:729,0
DA:730,0
DA:731,0
DA:733,0
DA:735,0
DA:739,0
DA:741,0
DA:746,0
DA:751,0
DA:757,0
DA:765,1
DA:769,0
DA:770,0
DA:771,0
DA:773,0
DA:774,0
DA:781,0
DA:784,0
DA:785,0
DA:786,0
DA:793,0
DA:796,0
DA:797,0
DA:799,0
DA:800,0
DA:807,0
DA:811,0
DA:812,0
DA:815,0
DA:825,0
DA:826,0
DA:827,0
DA:830,0
DA:833,0
DA:835,0
DA:842,0
DA:845,0
DA:846,0
DA:852,0
DA:860,1
DA:864,0
DA:865,0
DA:867,0
DA:868,0
DA:875,0
DA:878,0
DA:879,0
DA:880,0
DA:887,0
DA:890,0
DA:891,0
DA:893,0
DA:894,0
DA:901,0
DA:904,0
DA:905,0
DA:906,0
DA:916,0
DA:917,0
DA:918,0
DA:921,0
DA:925,0
DA:930,0
DA:936,0
DA:944,1
DA:945,0
DA:946,0
DA:947,0
DA:948,0
DA:956,0
DA:959,0
DA:961,0
DA:962,0
DA:970,0
DA:973,0
DA:974,0
DA:975,0
DA:976,0
DA:977,0
DA:978,0
DA:988,0
DA:989,0
DA:990,0
DA:993,0
DA:999,0
DA:1000,0
DA:1006,0
LF:310
LH:28
BRDA:20,0,0,1
BRDA:20,0,1,0
BRDA:22,1,0,1
BRDA:22,1,1,0
BRDA:32,2,0,0
BRDA:33,3,0,0
BRDA:34,4,0,0
BRDA:36,5,0,0
BRDA:48,6,0,0
BRDA:60,7,0,0
BRDA:61,8,0,0
BRDA:61,8,1,0
BRDA:74,9,0,0
BRDA:87,10,0,0
BRDA:104,11,0,0
BRDA:104,11,1,0
BRDA:106,12,0,0
BRDA:110,13,0,0
BRDA:110,13,1,0
BRDA:112,14,0,0
BRDA:118,15,0,0
BRDA:119,16,0,0
BRDA:119,16,1,0
BRDA:120,17,0,0
BRDA:120,17,1,0
BRDA:183,18,0,0
BRDA:183,18,1,0
BRDA:184,19,0,0
BRDA:184,19,1,0
BRDA:199,20,0,0
BRDA:241,21,0,0
BRDA:274,22,0,0
BRDA:308,23,0,0
BRDA:341,24,0,0
BRDA:341,24,1,0
BRDA:362,25,0,0
BRDA:364,26,0,0
BRDA:370,27,0,0
BRDA:374,28,0,0
BRDA:378,29,0,0
BRDA:382,30,0,0
BRDA:386,31,0,0
BRDA:390,32,0,0
BRDA:394,33,0,0
BRDA:394,34,0,0
BRDA:394,34,1,0
BRDA:396,35,0,0
BRDA:397,36,0,0
BRDA:400,37,0,0
BRDA:409,38,0,0
BRDA:410,39,0,0
BRDA:410,39,1,0
BRDA:435,40,0,0
BRDA:435,40,1,0
BRDA:436,41,0,0
BRDA:436,41,1,0
BRDA:480,42,0,0
BRDA:493,43,0,0
BRDA:509,44,0,0
BRDA:522,45,0,0
BRDA:522,45,1,0
BRDA:524,46,0,0
BRDA:571,47,0,0
BRDA:587,48,0,0
BRDA:599,49,0,0
BRDA:599,49,1,0
BRDA:599,50,0,0
BRDA:599,50,1,0
BRDA:603,51,0,0
BRDA:603,51,1,0
BRDA:610,52,0,0
BRDA:610,52,1,0
BRDA:621,53,0,0
BRDA:621,53,1,0
BRDA:623,54,0,0
BRDA:627,55,0,0
BRDA:628,56,0,0
BRDA:628,56,1,0
BRDA:629,57,0,0
BRDA:629,57,1,0
BRDA:661,58,0,0
BRDA:690,59,0,0
BRDA:690,60,0,0
BRDA:690,60,1,0
BRDA:703,61,0,0
BRDA:716,62,0,0
BRDA:729,63,0,0
BRDA:730,64,0,0
BRDA:730,64,1,0
BRDA:731,65,0,0
BRDA:731,65,1,0
BRDA:773,66,0,0
BRDA:773,67,0,0
BRDA:773,67,1,0
BRDA:785,68,0,0
BRDA:799,69,0,0
BRDA:811,70,0,0
BRDA:811,70,1,0
BRDA:825,71,0,0
BRDA:825,71,1,0
BRDA:827,72,0,0
BRDA:827,72,1,0
BRDA:830,73,0,0
BRDA:830,73,1,0
BRDA:867,74,0,0
BRDA:867,75,0,0
BRDA:867,75,1,0
BRDA:879,76,0,0
BRDA:893,77,0,0
BRDA:916,78,0,0
BRDA:916,78,1,0
BRDA:918,79,0,0
BRDA:918,79,1,0
BRDA:921,80,0,0
BRDA:921,80,1,0
BRDA:947,81,0,0
BRDA:947,82,0,0
BRDA:947,82,1,0
BRDA:961,83,0,0
BRDA:973,84,0,0
BRDA:973,84,1,0
BRDA:975,85,0,0
BRDA:988,86,0,0
BRDA:988,86,1,0
BRDA:990,87,0,0
BRDA:990,87,1,0
BRDA:993,88,0,0
BRDA:993,88,1,0
BRF:128
BRH:2
end_of_record
TN:
SF:src/controllers/subcategory.controller.ts
FN:20,(anonymous_1)
FN:112,(anonymous_2)
FN:133,(anonymous_3)
FN:179,(anonymous_4)
FN:225,(anonymous_5)
FN:244,(anonymous_6)
FN:278,(anonymous_7)
FN:324,(anonymous_8)
FN:403,(anonymous_9)
FNF:9
FNH:0
FNDA:0,(anonymous_1)
FNDA:0,(anonymous_2)
FNDA:0,(anonymous_3)
FNDA:0,(anonymous_4)
FNDA:0,(anonymous_5)
FNDA:0,(anonymous_6)
FNDA:0,(anonymous_7)
FNDA:0,(anonymous_8)
FNDA:0,(anonymous_9)
DA:2,1
DA:3,1
DA:4,1
DA:5,1
DA:6,1
DA:7,1
DA:8,1
DA:9,1
DA:10,1
DA:12,1
DA:14,1
DA:15,1
DA:16,1
DA:17,1
DA:20,1
DA:24,0
DA:25,0
DA:28,0
DA:29,0
DA:36,0
DA:40,0
DA:44,0
DA:45,0
DA:46,0
DA:56,0
DA:57,0
DA:58,0
DA:59,0
DA:66,0
DA:70,0
DA:71,0
DA:74,0
DA:75,0
DA:76,0
DA:82,0
DA:85,0
DA:98,0
DA:106,0
DA:107,0
DA:112,1
DA:113,0
DA:114,0
DA:118,0
DA:125,0
DA:133,1
DA:137,0
DA:138,0
DA:140,0
DA:141,0
DA:148,0
DA:151,0
DA:153,0
DA:154,0
DA:162,0
DA:165,0
DA:171,0
DA:179,1
DA:183,0
DA:185,0
DA:186,0
DA:193,0
DA:196,0
DA:200,0
DA:201,0
DA:210,0
DA:215,0
DA:217,0
DA:225,1
DA:230,0
DA:231,0
DA:233,0
DA:234,0
DA:236,0
DA:239,0
DA:244,1
DA:248,0
DA:249,0
DA:250,0
DA:251,0
DA:258,0
DA:261,0
DA:265,0
DA:271,0
DA:278,1
DA:282,0
DA:283,0
DA:284,0
DA:285,0
DA:293,0
DA:296,0
DA:297,0
DA:298,0
DA:306,0
DA:309,0
DA:316,0
DA:324,1
DA:325,0
DA:326,0
DA:328,0
DA:329,0
DA:336,0
DA:339,0
DA:341,0
DA:342,0
DA:349,0
DA:352,0
DA:353,0
DA:354,0
DA:364,0
DA:365,0
DA:366,0
DA:369,0
DA:373,0
DA:377,0
DA:378,0
DA:386,0
DA:389,0
DA:395,0
DA:403,1
DA:407,0
DA:408,0
DA:409,0
DA:410,0
DA:412,0
DA:414,0
DA:415,0
DA:422,0
DA:425,0
DA:426,0
DA:427,0
DA:428,0
DA:429,0
DA:433,0
DA:436,0
DA:441,0
DA:442,0
DA:445,0
DA:446,0
DA:447,0
DA:458,0
DA:459,0
DA:460,0
DA:461,0
DA:463,0
DA:464,0
DA:468,0
DA:475,0
DA:476,0
DA:481,0
DA:482,0
DA:489,0
DA:494,0
DA:495,0
DA:498,0
DA:503,0
DA:521,0
DA:527,0
DA:533,0
LF:158
LH:23
BRDA:12,0,0,1
BRDA:12,0,1,0
BRDA:14,1,0,1
BRDA:14,1,1,0
BRDA:25,2,0,0
BRDA:25,3,0,0
BRDA:28,4,0,0
BRDA:44,5,0,0
BRDA:45,6,0,0
BRDA:57,7,0,0
BRDA:58,8,0,0
BRDA:75,9,0,0
BRDA:106,10,0,0
BRDA:140,11,0,0
BRDA:153,12,0,0
BRDA:185,13,0,0
BRDA:200,14,0,0
BRDA:233,15,0,0
BRDA:233,15,1,0
BRDA:250,16,0,0
BRDA:284,17,0,0
BRDA:284,18,0,0
BRDA:284,18,1,0
BRDA:297,19,0,0
BRDA:328,20,0,0
BRDA:341,21,0,0
BRDA:352,22,0,0
BRDA:364,23,0,0
BRDA:364,23,1,0
BRDA:366,24,0,0
BRDA:366,24,1,0
BRDA:369,25,0,0
BRDA:369,25,1,0
BRDA:377,26,0,0
BRDA:414,27,0,0
BRDA:427,28,0,0
BRDA:427,29,0,0
BRDA:427,29,1,0
BRDA:441,30,0,0
BRDA:445,31,0,0
BRDA:454,32,0,0
BRDA:454,32,1,0
BRDA:458,33,0,0
BRDA:458,33,1,0
BRDA:458,34,0,0
BRDA:458,34,1,0
BRDA:460,35,0,0
BRDA:463,36,0,0
BRDA:475,37,0,0
BRDA:475,38,0,0
BRDA:475,38,1,0
BRDA:481,39,0,0
BRDA:494,40,0,0
BRDA:494,41,0,0
BRDA:494,41,1,0
BRDA:499,42,0,0
BRDA:499,42,1,0
BRDA:500,43,0,0
BRDA:500,43,1,0
BRDA:504,44,0,0
BRDA:504,44,1,0
BRDA:506,45,0,0
BRDA:506,45,1,0
BRDA:506,46,0,0
BRDA:506,46,1,0
BRDA:511,47,0,0
BRDA:511,47,1,0
BRDA:511,48,0,0
BRDA:511,48,1,0
BRF:69
BRH:2
end_of_record
TN:
SF:src/controllers/user.controller.ts
FN:17,(anonymous_1)
FN:39,(anonymous_2)
FN:71,(anonymous_3)
FN:126,(anonymous_4)
FN:196,(anonymous_5)
FN:263,(anonymous_6)
FN:313,(anonymous_7)
FN:403,(anonymous_8)
FNF:8
FNH:0
FNDA:0,(anonymous_1)
FNDA:0,(anonymous_2)
FNDA:0,(anonymous_3)
FNDA:0,(anonymous_4)
FNDA:0,(anonymous_5)
FNDA:0,(anonymous_6)
FNDA:0,(anonymous_7)
FNDA:0,(anonymous_8)
DA:2,1
DA:3,1
DA:4,1
DA:5,1
DA:6,1
DA:7,1
DA:8,1
DA:10,1
DA:11,1
DA:12,1
DA:14,1
DA:17,1
DA:21,0
DA:22,0
DA:24,0
DA:31,0
DA:39,1
DA:43,0
DA:44,0
DA:45,0
DA:46,0
DA:53,0
DA:56,0
DA:63,0
DA:71,1
DA:75,0
DA:76,0
DA:77,0
DA:78,0
DA:85,0
DA:88,0
DA:89,0
DA:96,0
DA:99,0
DA:100,0
DA:101,0
DA:108,0
DA:111,0
DA:118,0
DA:126,1
DA:130,0
DA:131,0
DA:132,0
DA:133,0
DA:134,0
DA:141,0
DA:144,0
DA:145,0
DA:146,0
DA:153,0
DA:156,0
DA:160,0
DA:161,0
DA:168,0
DA:171,0
DA:172,0
DA:173,0
DA:174,0
DA:176,0
DA:177,0
DA:179,0
DA:181,0
DA:188,0
DA:196,1
DA:200,0
DA:201,0
DA:203,0
DA:204,0
DA:211,0
DA:214,0
DA:215,0
DA:216,0
DA:223,0
DA:226,0
DA:227,0
DA:234,0
DA:237,0
DA:238,0
DA:241,0
DA:246,0
DA:247,0
DA:248,0
DA:255,0
DA:263,1
DA:267,0
DA:268,0
DA:269,0
DA:270,0
DA:277,0
DA:280,0
DA:281,0
DA:282,0
DA:289,0
DA:292,0
DA:293,0
DA:294,0
DA:296,0
DA:298,0
DA:305,0
DA:313,1
DA:317,0
DA:318,0
DA:319,0
DA:321,0
DA:322,0
DA:328,0
DA:331,0
DA:332,0
DA:338,0
DA:341,0
DA:342,0
DA:343,0
DA:350,0
DA:353,0
DA:354,0
DA:355,0
DA:361,0
DA:364,0
DA:365,0
DA:372,0
DA:375,0
DA:376,0
DA:384,0
DA:386,0
DA:387,0
DA:389,0
DA:395,0
DA:403,1
DA:407,0
DA:408,0
DA:409,0
DA:410,0
DA:417,0
DA:420,0
DA:421,0
DA:422,0
DA:429,0
DA:432,0
DA:439,0
LF:139
LH:19
BRDA:45,0,0,0
BRDA:77,1,0,0
BRDA:88,2,0,0
BRDA:100,3,0,0
BRDA:133,4,0,0
BRDA:145,5,0,0
BRDA:160,6,0,0
BRDA:171,7,0,0
BRDA:172,8,0,0
BRDA:173,9,0,0
BRDA:174,10,0,0
BRDA:176,11,0,0
BRDA:176,12,0,0
BRDA:176,12,1,0
BRDA:203,13,0,0
BRDA:215,14,0,0
BRDA:226,15,0,0
BRDA:237,16,0,0
BRDA:269,17,0,0
BRDA:281,18,0,0
BRDA:292,19,0,0
BRDA:321,20,0,0
BRDA:331,21,0,0
BRDA:331,22,0,0
BRDA:331,22,1,0
BRDA:342,23,0,0
BRDA:354,24,0,0
BRDA:364,25,0,0
BRDA:375,26,0,0
BRDA:409,27,0,0
BRDA:421,28,0,0
BRF:31
BRH:0
end_of_record
TN:
SF:src/middleware/authenticate.middleware.ts
FN:8,(anonymous_1)
FN:9,(anonymous_2)
FNF:2
FNH:1
FNDA:9,(anonymous_1)
FNDA:0,(anonymous_2)
DA:1,1
DA:2,1
DA:4,1
DA:6,1
DA:8,1
DA:9,9
DA:10,0
DA:12,0
DA:13,0
DA:21,0
DA:24,0
DA:25,0
DA:30,0
DA:31,0
DA:38,0
DA:41,0
DA:42,0
DA:44,0
LF:18
LH:6
BRDA:12,0,0,0
BRDA:30,1,0,0
BRF:2
BRH:0
end_of_record
TN:
SF:src/models/category.model.ts
FN:47,(anonymous_0)
FNF:1
FNH:1
FNDA:2,(anonymous_0)
DA:2,1
DA:4,1
DA:47,1
DA:50,2
DA:56,1
LF:5
LH:5
BRDA:51,0,0,2
BRDA:51,0,1,1
BRF:2
BRH:2
end_of_record
TN:
SF:src/models/product.model.ts
FN:113,(anonymous_0)
FN:128,(anonymous_1)
FNF:2
FNH:1
FNDA:0,(anonymous_0)
FNDA:1,(anonymous_1)
DA:1,1
DA:7,1
DA:54,1
DA:113,1
DA:114,0
DA:115,0
DA:118,0
DA:119,0
DA:122,0
DA:125,1
DA:126,1
DA:128,1
DA:131,1
DA:137,1
LF:14
LH:9
BRDA:114,0,0,0
BRDA:115,1,0,0
BRDA:115,1,1,0
BRDA:118,2,0,0
BRDA:118,3,0,0
BRDA:118,3,1,0
BRDA:132,4,0,1
BRDA:132,4,1,1
BRF:8
BRH:2
end_of_record
TN:
SF:src/models/subcategory.model.ts
FN:11,(anonymous_9)
FN:106,(anonymous_10)
FNF:2
FNH:1
FNDA:0,(anonymous_9)
FNDA:2,(anonymous_10)
DA:2,1
DA:4,1
DA:12,0
DA:15,0
DA:102,1
DA:103,1
DA:104,1
DA:106,1
DA:109,2
DA:115,1
LF:10
LH:8
BRDA:110,0,0,2
BRDA:110,0,1,1
BRF:2
BRH:2
end_of_record
TN:
SF:src/models/user.model.ts
FN:54,(anonymous_0)
FNF:1
FNH:1
FNDA:2,(anonymous_0)
DA:2,1
DA:4,1
DA:54,1
DA:55,2
DA:60,1
LF:5
LH:5
BRDA:56,0,0,2
BRDA:56,0,1,1
BRF:2
BRH:2
end_of_record
TN:
SF:src/routes/auth.route.ts
FNF:0
FNH:0
DA:1,1
DA:2,1
DA:7,1
DA:8,1
DA:9,1
DA:11,1
DA:12,1
DA:13,1
DA:15,1
LF:9
LH:9
BRF:0
BRH:0
end_of_record
TN:
SF:src/routes/category.route.ts
FNF:0
FNH:0
DA:1,1
DA:2,1
DA:12,1
DA:14,1
DA:15,1
DA:16,1
DA:38,1
DA:56,1
DA:57,1
DA:58,1
DA:60,1
LF:11
LH:11
BRF:0
BRH:0
end_of_record
TN:
SF:src/routes/index.ts
FN:34,(anonymous_1)
FN:38,(anonymous_2)
FNF:2
FNH:1
FNDA:5,(anonymous_1)
FNDA:0,(anonymous_2)
DA:1,1
DA:4,1
DA:5,1
DA:6,1
DA:7,1
DA:8,1
DA:10,1
DA:11,1
DA:34,1
DA:35,5
DA:38,1
DA:39,0
DA:42,1
LF:13
LH:12
BRF:0
BRH:0
end_of_record
TN:
SF:src/routes/product.route.ts
FNF:0
FNH:0
DA:1,1
DA:2,1
DA:3,1
DA:18,1
DA:19,1
DA:21,1
DA:26,1
DA:27,1
DA:28,1
DA:29,1
DA:30,1
DA:31,1
DA:32,1
DA:37,1
DA:42,1
DA:47,1
DA:51,1
DA:56,1
LF:18
LH:18
BRF:0
BRH:0
end_of_record
TN:
SF:src/routes/subCategory.route.ts
FNF:0
FNH:0
DA:1,1
DA:2,1
DA:12,1
DA:14,1
DA:16,1
DA:18,1
DA:19,1
DA:20,1
DA:21,1
DA:22,1
DA:45,1
DA:46,1
DA:47,1
DA:49,1
LF:14
LH:14
BRF:0
BRH:0
end_of_record
TN:
SF:src/routes/user.route.ts
FNF:0
FNH:0
DA:1,1
DA:2,1
DA:12,1
DA:13,1
DA:15,1
DA:16,1
DA:18,1
DA:19,1
DA:20,1
DA:21,1
DA:27,1
DA:28,1
DA:34,1
DA:39,1
DA:45,1
DA:47,1
LF:16
LH:16
BRF:0
BRH:0
end_of_record
TN:
SF:src/utils/apiError.ts
FN:2,(anonymous_0)
FNF:1
FNH:0
FNDA:0,(anonymous_0)
DA:1,1
DA:3,0
DA:4,0
DA:5,0
DA:6,0
DA:8,0
DA:9,0
DA:10,0
DA:12,0
LF:9
LH:1
BRDA:5,0,0,0
BRDA:6,1,0,0
BRDA:9,2,0,0
BRDA:9,2,1,0
BRF:4
BRH:0
end_of_record
TN:
SF:src/utils/apiRespone.ts
FN:4,sendSuccess
FN:17,sendError
FNF:2
FNH:1
FNDA:1,sendSuccess
FNDA:0,sendError
DA:4,1
DA:5,1
DA:7,1
DA:9,1
DA:17,1
DA:18,0
DA:20,0
DA:22,0
LF:8
LH:5
BRDA:5,0,0,0
BRDA:11,1,0,0
BRDA:11,1,1,1
BRDA:18,2,0,0
BRDA:18,3,0,0
BRDA:24,4,0,0
BRDA:24,4,1,0
BRDA:26,5,0,0
BRDA:26,5,1,0
BRDA:28,6,0,0
BRDA:28,6,1,0
BRF:11
BRH:1
end_of_record
TN:
SF:src/utils/error.ts
FN:4,(anonymous_1)
FN:18,(anonymous_2)
FNF:2
FNH:0
FNDA:0,(anonymous_1)
FNDA:0,(anonymous_2)
DA:2,1
DA:4,1
DA:10,0
DA:11,0
DA:12,0
DA:13,0
DA:15,0
DA:18,1
DA:24,0
DA:26,0
DA:28,0
DA:34,0
LF:12
LH:3
BRDA:10,0,0,0
BRDA:11,1,0,0
BRDA:11,1,1,0
BRDA:12,2,0,0
BRDA:12,2,1,0
BRDA:31,3,0,0
BRDA:31,3,1,0
BRF:7
BRH:0
end_of_record
TN:
SF:src/utils/jwt.ts
FN:16,(anonymous_1)
FN:24,(anonymous_2)
FNF:2
FNH:0
FNDA:0,(anonymous_1)
FNDA:0,(anonymous_2)
DA:2,1
DA:4,1
DA:5,1
DA:6,1
DA:7,1
DA:9,1
DA:10,0
DA:12,1
DA:13,0
DA:16,1
DA:17,0
DA:21,0
DA:24,1
DA:25,0
DA:29,0
LF:15
LH:9
BRDA:9,0,0,0
BRDA:12,1,0,0
BRF:2
BRH:0
end_of_record
TN:
SF:src/utils/removeUserAvatar.util.ts
FN:6,(anonymous_1)
FNF:1
FNH:0
FNDA:0,(anonymous_1)
DA:1,1
DA:2,1
DA:4,1
DA:6,1
DA:7,0
DA:8,0
DA:18,0
DA:19,0
DA:20,0
DA:21,0
DA:22,0
LF:11
LH:4
BRDA:15,0,0,0
BRDA:15,0,1,0
BRDA:18,1,0,0
BRDA:18,1,1,0
BRDA:18,2,0,0
BRDA:18,2,1,0
BRDA:21,3,0,0
BRF:7
BRH:0
end_of_record
TN:
SF:src/utils/router500Error.ts
FN:5,(anonymous_0)
FNF:1
FNH:0
FNDA:0,(anonymous_0)
DA:5,1
DA:10,0
DA:12,0
DA:14,0
LF:4
LH:1
BRDA:8,0,0,0
BRDA:10,1,0,0
BRDA:10,1,1,0
BRDA:12,2,0,0
BRDA:12,2,1,0
BRDA:15,3,0,0
BRDA:15,3,1,0
BRDA:16,4,0,0
BRDA:16,4,1,0
BRDA:18,5,0,0
BRDA:18,5,1,0
BRDA:19,6,0,0
BRDA:19,6,1,0
BRF:13
BRH:0
end_of_record
TN:
SF:src/utils/seoGenerator.ts
FN:1,(anonymous_0)
FNF:1
FNH:0
FNDA:0,(anonymous_0)
DA:1,1
DA:2,0
DA:5,0
DA:6,0
DA:7,0
DA:8,0
LF:6
LH:1
BRDA:3,0,0,0
BRDA:3,0,1,0
BRDA:6,1,0,0
BRDA:6,1,1,0
BRF:4
BRH:0
end_of_record
TN:
SF:src/utils/singleFileStorage.ts
FN:7,(anonymous_1)
FN:9,(anonymous_2)
FN:12,(anonymous_3)
FNF:3
FNH:1
FNDA:4,(anonymous_1)
FNDA:0,(anonymous_2)
FNDA:0,(anonymous_3)
DA:1,1
DA:2,1
DA:3,1
DA:7,1
DA:8,4
DA:10,0
DA:13,0
DA:14,0
DA:15,0
DA:19,4
LF:10
LH:6
BRF:0
BRH:0
end_of_record
